2025-03-17 19:59:26,403 - deepfake_detection - INFO - [database.py:19] - Initializing database
2025-03-17 19:59:26,434 - deepfake_detection - INFO - [database.py:60] - Admin user already exists
2025-03-17 19:59:26,438 - deepfake_detection - INFO - [database.py:63] - Database initialization completed successfully
2025-03-17 19:59:26,465 - deepfake_detection - INFO - [app.py:59] - Application startup
2025-03-17 19:59:26,469 - deepfake_detection - INFO - [app.py:68] - Rendering home page
2025-03-17 19:59:26,470 - deepfake_detection - INFO - [home.py:12] - Rendering home page
2025-03-17 19:59:29,811 - deepfake_detection - INFO - [database.py:19] - Initializing database
2025-03-17 19:59:29,812 - deepfake_detection - INFO - [database.py:60] - Admin user already exists
2025-03-17 19:59:29,814 - deepfake_detection - INFO - [database.py:63] - Database initialization completed successfully
2025-03-17 19:59:29,844 - deepfake_detection - INFO - [app.py:59] - Application startup
2025-03-17 19:59:29,846 - deepfake_detection - INFO - [app.py:68] - Rendering home page
2025-03-17 19:59:29,846 - deepfake_detection - INFO - [home.py:12] - Rendering home page
2025-03-17 19:59:29,861 - deepfake_detection - INFO - [home.py:31] - User clicked login button, redirecting to login page
2025-03-17 19:59:30,522 - deepfake_detection - INFO - [database.py:19] - Initializing database
2025-03-17 19:59:30,524 - deepfake_detection - INFO - [database.py:60] - Admin user already exists
2025-03-17 19:59:30,525 - deepfake_detection - INFO - [database.py:63] - Database initialization completed successfully
2025-03-17 19:59:30,529 - deepfake_detection - INFO - [app.py:59] - Application startup
2025-03-17 19:59:30,532 - deepfake_detection - INFO - [app.py:71] - Rendering login page
2025-03-17 20:00:39,549 - deepfake_detection - INFO - [database.py:19] - Initializing database
2025-03-17 20:00:39,552 - deepfake_detection - INFO - [database.py:60] - Admin user already exists
2025-03-17 20:00:39,554 - deepfake_detection - INFO - [database.py:63] - Database initialization completed successfully
2025-03-17 20:00:39,557 - deepfake_detection - INFO - [app.py:59] - Application startup
2025-03-17 20:00:39,561 - deepfake_detection - INFO - [app.py:71] - Rendering login page
2025-03-17 20:00:39,575 - deepfake_detection - INFO - [database.py:131] - Login attempt for user: admin
2025-03-17 20:00:39,582 - deepfake_detection - INFO - [database.py:156] - Successful login for user: admin
2025-03-17 20:00:39,599 - deepfake_detection - INFO - [login.py:160] - User admin logged in successfully
2025-03-17 20:00:41,995 - deepfake_detection - INFO - [database.py:19] - Initializing database
2025-03-17 20:00:41,998 - deepfake_detection - INFO - [database.py:60] - Admin user already exists
2025-03-17 20:00:41,999 - deepfake_detection - INFO - [database.py:63] - Database initialization completed successfully
2025-03-17 20:00:42,003 - deepfake_detection - INFO - [app.py:59] - Application startup
2025-03-17 20:00:42,006 - deepfake_detection - INFO - [app.py:64] - User admin accessing dashboard
2025-03-17 20:00:42,008 - deepfake_detection - INFO - [dashboard.py:19] - Loading dashboard for user: admin
2025-03-17 20:12:58,067 - deepfake_detection - INFO - [database.py:19] - Initializing database
2025-03-17 20:12:58,069 - deepfake_detection - INFO - [database.py:60] - Admin user already exists
2025-03-17 20:12:58,070 - deepfake_detection - INFO - [database.py:63] - Database initialization completed successfully
2025-03-17 20:12:58,073 - deepfake_detection - INFO - [app.py:59] - Application startup
2025-03-17 20:12:58,077 - deepfake_detection - INFO - [app.py:68] - Rendering home page
2025-03-17 20:12:58,082 - deepfake_detection - INFO - [home.py:12] - Rendering home page
2025-03-17 20:12:59,969 - deepfake_detection - INFO - [database.py:19] - Initializing database
2025-03-17 20:12:59,979 - deepfake_detection - INFO - [database.py:60] - Admin user already exists
2025-03-17 20:12:59,991 - deepfake_detection - INFO - [database.py:63] - Database initialization completed successfully
2025-03-17 20:13:00,003 - deepfake_detection - INFO - [app.py:59] - Application startup
2025-03-17 20:13:00,065 - deepfake_detection - INFO - [app.py:68] - Rendering home page
2025-03-17 20:13:00,068 - deepfake_detection - INFO - [home.py:12] - Rendering home page
2025-03-17 20:13:00,090 - deepfake_detection - INFO - [home.py:31] - User clicked login button, redirecting to login page
2025-03-17 20:13:00,790 - deepfake_detection - INFO - [database.py:19] - Initializing database
2025-03-17 20:13:00,804 - deepfake_detection - INFO - [database.py:60] - Admin user already exists
2025-03-17 20:13:00,806 - deepfake_detection - INFO - [database.py:63] - Database initialization completed successfully
2025-03-17 20:13:00,809 - deepfake_detection - INFO - [app.py:59] - Application startup
2025-03-17 20:13:00,817 - deepfake_detection - INFO - [app.py:71] - Rendering login page
2025-03-17 20:13:09,386 - deepfake_detection - INFO - [database.py:19] - Initializing database
2025-03-17 20:13:09,386 - deepfake_detection - INFO - [database.py:60] - Admin user already exists
2025-03-17 20:13:09,386 - deepfake_detection - INFO - [database.py:63] - Database initialization completed successfully
2025-03-17 20:13:09,386 - deepfake_detection - INFO - [app.py:59] - Application startup
2025-03-17 20:13:09,399 - deepfake_detection - INFO - [app.py:71] - Rendering login page
2025-03-17 20:13:09,415 - deepfake_detection - INFO - [database.py:131] - Login attempt for user: admin
2025-03-17 20:13:09,423 - deepfake_detection - INFO - [database.py:156] - Successful login for user: admin
2025-03-17 20:13:09,425 - deepfake_detection - INFO - [login.py:160] - User admin logged in successfully
2025-03-17 20:13:10,399 - deepfake_detection - INFO - [database.py:19] - Initializing database
2025-03-17 20:13:10,403 - deepfake_detection - INFO - [database.py:60] - Admin user already exists
2025-03-17 20:13:10,404 - deepfake_detection - INFO - [database.py:63] - Database initialization completed successfully
2025-03-17 20:13:10,407 - deepfake_detection - INFO - [app.py:59] - Application startup
2025-03-17 20:13:10,411 - deepfake_detection - INFO - [app.py:64] - User admin accessing dashboard
2025-03-17 20:13:10,412 - deepfake_detection - INFO - [dashboard.py:19] - Loading dashboard for user: admin
2025-03-17 21:57:06,011 - deepfake_detection - INFO - [database.py:19] - Initializing database
2025-03-17 21:57:06,043 - deepfake_detection - INFO - [database.py:60] - Admin user already exists
2025-03-17 21:57:06,051 - deepfake_detection - INFO - [database.py:63] - Database initialization completed successfully
2025-03-17 21:57:06,059 - deepfake_detection - INFO - [app.py:59] - Application startup
2025-03-17 21:57:06,067 - deepfake_detection - INFO - [app.py:68] - Rendering home page
2025-03-17 21:57:06,075 - deepfake_detection - INFO - [home.py:12] - Rendering home page
2025-03-17 21:58:22,589 - deepfake_detection - INFO - [database.py:19] - Initializing database
2025-03-17 21:58:22,597 - deepfake_detection - INFO - [database.py:60] - Admin user already exists
2025-03-17 21:58:22,602 - deepfake_detection - INFO - [database.py:63] - Database initialization completed successfully
2025-03-17 21:58:22,602 - deepfake_detection - INFO - [app.py:59] - Application startup
2025-03-17 21:58:22,610 - deepfake_detection - INFO - [app.py:68] - Rendering home page
2025-03-17 21:58:22,627 - deepfake_detection - INFO - [home.py:12] - Rendering home page
2025-03-17 21:58:22,632 - deepfake_detection - INFO - [home.py:31] - User clicked login button, redirecting to login page
2025-03-17 21:58:24,406 - deepfake_detection - INFO - [database.py:19] - Initializing database
2025-03-17 21:58:24,406 - deepfake_detection - INFO - [database.py:60] - Admin user already exists
2025-03-17 21:58:24,406 - deepfake_detection - INFO - [database.py:63] - Database initialization completed successfully
2025-03-17 21:58:24,420 - deepfake_detection - INFO - [app.py:59] - Application startup
2025-03-17 21:58:24,425 - deepfake_detection - INFO - [app.py:71] - Rendering login page
2025-03-17 21:58:32,012 - deepfake_detection - INFO - [database.py:19] - Initializing database
2025-03-17 21:58:32,027 - deepfake_detection - INFO - [database.py:60] - Admin user already exists
2025-03-17 21:58:32,035 - deepfake_detection - INFO - [database.py:63] - Database initialization completed successfully
2025-03-17 21:58:32,068 - deepfake_detection - INFO - [app.py:59] - Application startup
2025-03-17 21:58:32,108 - deepfake_detection - INFO - [app.py:71] - Rendering login page
2025-03-17 21:58:32,229 - deepfake_detection - INFO - [database.py:131] - Login attempt for user: admin
2025-03-17 21:58:32,245 - deepfake_detection - INFO - [database.py:156] - Successful login for user: admin
2025-03-17 21:58:32,514 - deepfake_detection - INFO - [database.py:19] - Initializing database
2025-03-17 21:58:32,529 - deepfake_detection - INFO - [database.py:60] - Admin user already exists
2025-03-17 21:58:32,545 - deepfake_detection - INFO - [database.py:63] - Database initialization completed successfully
2025-03-17 21:58:32,574 - deepfake_detection - INFO - [app.py:59] - Application startup
2025-03-17 21:58:32,643 - deepfake_detection - INFO - [app.py:71] - Rendering login page
2025-03-17 21:58:32,733 - deepfake_detection - INFO - [database.py:131] - Login attempt for user: admin
2025-03-17 21:58:32,752 - deepfake_detection - INFO - [database.py:156] - Successful login for user: admin
2025-03-17 21:58:32,759 - deepfake_detection - INFO - [login.py:160] - User admin logged in successfully
2025-03-17 21:58:33,793 - deepfake_detection - INFO - [database.py:19] - Initializing database
2025-03-17 21:58:33,868 - deepfake_detection - INFO - [database.py:60] - Admin user already exists
2025-03-17 21:58:33,894 - deepfake_detection - INFO - [database.py:63] - Database initialization completed successfully
2025-03-17 21:58:33,917 - deepfake_detection - INFO - [app.py:59] - Application startup
2025-03-17 21:58:33,932 - deepfake_detection - INFO - [app.py:64] - User admin accessing dashboard
2025-03-17 21:58:33,987 - deepfake_detection - INFO - [dashboard.py:19] - Loading dashboard for user: admin
