2025-03-21 09:14:59,736 - deepfake_detection - INFO - [database.py:19] - Initializing database
2025-03-21 09:14:59,802 - deepfake_detection - INFO - [database.py:60] - Admin user already exists
2025-03-21 09:14:59,807 - deepfake_detection - INFO - [database.py:63] - Database initialization completed successfully
2025-03-21 09:14:59,848 - deepfake_detection - INFO - [app.py:52] - Application startup
2025-03-21 09:14:59,864 - deepfake_detection - INFO - [app.py:61] - Rendering home page
2025-03-21 09:14:59,899 - deepfake_detection - INFO - [home.py:12] - Rendering home page
2025-03-21 09:15:27,815 - deepfake_detection - INFO - [database.py:19] - Initializing database
2025-03-21 09:15:27,832 - deepfake_detection - INFO - [database.py:60] - Admin user already exists
2025-03-21 09:15:27,840 - deepfake_detection - INFO - [database.py:63] - Database initialization completed successfully
2025-03-21 09:15:27,914 - deepfake_detection - INFO - [app.py:52] - Application startup
2025-03-21 09:15:28,017 - deepfake_detection - INFO - [app.py:61] - Rendering home page
2025-03-21 09:15:28,029 - deepfake_detection - INFO - [home.py:12] - Rendering home page
2025-03-21 09:15:28,149 - deepfake_detection - INFO - [home.py:31] - User clicked login button, redirecting to login page
2025-03-21 09:15:29,330 - deepfake_detection - INFO - [database.py:19] - Initializing database
2025-03-21 09:15:29,338 - deepfake_detection - INFO - [database.py:60] - Admin user already exists
2025-03-21 09:15:29,346 - deepfake_detection - INFO - [database.py:63] - Database initialization completed successfully
2025-03-21 09:15:29,372 - deepfake_detection - INFO - [app.py:52] - Application startup
2025-03-21 09:15:29,398 - deepfake_detection - INFO - [app.py:64] - Rendering login page
2025-03-21 09:15:29,864 - deepfake_detection - INFO - [database.py:19] - Initializing database
2025-03-21 09:15:29,880 - deepfake_detection - INFO - [database.py:60] - Admin user already exists
2025-03-21 09:15:29,889 - deepfake_detection - INFO - [database.py:63] - Database initialization completed successfully
2025-03-21 09:15:29,913 - deepfake_detection - INFO - [app.py:52] - Application startup
2025-03-21 09:15:30,015 - deepfake_detection - INFO - [app.py:64] - Rendering login page
2025-03-21 09:15:38,780 - deepfake_detection - INFO - [database.py:19] - Initializing database
2025-03-21 09:15:38,796 - deepfake_detection - INFO - [database.py:60] - Admin user already exists
2025-03-21 09:15:38,813 - deepfake_detection - INFO - [database.py:63] - Database initialization completed successfully
2025-03-21 09:15:38,861 - deepfake_detection - INFO - [app.py:52] - Application startup
2025-03-21 09:15:38,888 - deepfake_detection - INFO - [app.py:64] - Rendering login page
2025-03-21 09:15:39,410 - deepfake_detection - INFO - [database.py:19] - Initializing database
2025-03-21 09:15:39,426 - deepfake_detection - INFO - [database.py:60] - Admin user already exists
2025-03-21 09:15:39,426 - deepfake_detection - INFO - [database.py:63] - Database initialization completed successfully
2025-03-21 09:15:39,503 - deepfake_detection - INFO - [app.py:52] - Application startup
2025-03-21 09:15:39,555 - deepfake_detection - INFO - [app.py:64] - Rendering login page
2025-03-21 09:15:39,664 - deepfake_detection - INFO - [database.py:131] - Login attempt for user: admin
2025-03-21 09:15:39,681 - deepfake_detection - INFO - [database.py:156] - Successful login for user: admin
2025-03-21 09:15:39,699 - deepfake_detection - INFO - [login.py:162] - User admin logged in successfully
2025-03-21 09:15:44,893 - deepfake_detection - INFO - [database.py:19] - Initializing database
2025-03-21 09:15:44,901 - deepfake_detection - INFO - [database.py:60] - Admin user already exists
2025-03-21 09:15:44,916 - deepfake_detection - INFO - [database.py:63] - Database initialization completed successfully
2025-03-21 09:15:44,949 - deepfake_detection - INFO - [app.py:52] - Application startup
2025-03-21 09:15:44,999 - deepfake_detection - INFO - [app.py:57] - User admin accessing dashboard
2025-03-21 09:15:45,028 - deepfake_detection - INFO - [dashboard.py:28] - Loading dashboard for user: admin
2025-03-21 09:15:45,499 - deepfake_detection - INFO - [database.py:19] - Initializing database
2025-03-21 09:15:45,514 - deepfake_detection - INFO - [database.py:60] - Admin user already exists
2025-03-21 09:15:45,535 - deepfake_detection - INFO - [database.py:63] - Database initialization completed successfully
2025-03-21 09:15:45,617 - deepfake_detection - INFO - [app.py:52] - Application startup
2025-03-21 09:15:45,657 - deepfake_detection - INFO - [app.py:57] - User admin accessing dashboard
2025-03-21 09:15:45,703 - deepfake_detection - INFO - [dashboard.py:28] - Loading dashboard for user: admin
2025-03-21 09:16:02,318 - deepfake_detection - INFO - [database.py:19] - Initializing database
2025-03-21 09:16:02,325 - deepfake_detection - INFO - [database.py:60] - Admin user already exists
2025-03-21 09:16:02,325 - deepfake_detection - INFO - [database.py:63] - Database initialization completed successfully
2025-03-21 09:16:02,387 - deepfake_detection - INFO - [app.py:52] - Application startup
2025-03-21 09:16:02,416 - deepfake_detection - INFO - [app.py:57] - User admin accessing dashboard
2025-03-21 09:16:02,427 - deepfake_detection - INFO - [dashboard.py:28] - Loading dashboard for user: admin
2025-03-21 09:16:03,156 - deepfake_detection - INFO - [database.py:191] - Retrieving stats for user: admin
2025-03-21 09:16:03,164 - deepfake_detection - INFO - [database.py:224] - Retrieving recent activity for user: admin
2025-03-21 09:16:03,579 - deepfake_detection - INFO - [database.py:19] - Initializing database
2025-03-21 09:16:03,592 - deepfake_detection - INFO - [database.py:60] - Admin user already exists
2025-03-21 09:16:03,600 - deepfake_detection - INFO - [database.py:63] - Database initialization completed successfully
2025-03-21 09:16:03,682 - deepfake_detection - INFO - [app.py:52] - Application startup
2025-03-21 09:16:04,106 - deepfake_detection - INFO - [database.py:19] - Initializing database
2025-03-21 09:16:04,275 - deepfake_detection - INFO - [database.py:60] - Admin user already exists
2025-03-21 09:16:04,275 - deepfake_detection - INFO - [database.py:63] - Database initialization completed successfully
2025-03-21 09:16:04,355 - deepfake_detection - INFO - [app.py:52] - Application startup
2025-03-21 09:16:04,384 - deepfake_detection - INFO - [app.py:57] - User admin accessing dashboard
2025-03-21 09:16:04,432 - deepfake_detection - INFO - [dashboard.py:28] - Loading dashboard for user: admin
2025-03-21 09:16:04,846 - deepfake_detection - INFO - [database.py:191] - Retrieving stats for user: admin
2025-03-21 09:16:04,872 - deepfake_detection - INFO - [database.py:224] - Retrieving recent activity for user: admin
2025-03-21 09:16:17,595 - deepfake_detection - INFO - [database.py:19] - Initializing database
2025-03-21 09:16:17,610 - deepfake_detection - INFO - [database.py:60] - Admin user already exists
2025-03-21 09:16:17,610 - deepfake_detection - INFO - [database.py:63] - Database initialization completed successfully
2025-03-21 09:16:17,638 - deepfake_detection - INFO - [app.py:52] - Application startup
2025-03-21 09:16:17,764 - deepfake_detection - INFO - [app.py:57] - User admin accessing dashboard
2025-03-21 09:16:17,777 - deepfake_detection - INFO - [dashboard.py:28] - Loading dashboard for user: admin
2025-03-21 09:17:35,822 - deepfake_detection - INFO - [database.py:19] - Initializing database
2025-03-21 09:17:35,837 - deepfake_detection - INFO - [database.py:60] - Admin user already exists
2025-03-21 09:17:35,840 - deepfake_detection - INFO - [database.py:63] - Database initialization completed successfully
2025-03-21 09:17:35,860 - deepfake_detection - INFO - [app.py:52] - Application startup
2025-03-21 09:17:35,903 - deepfake_detection - INFO - [app.py:61] - Rendering home page
2025-03-21 09:17:35,917 - deepfake_detection - INFO - [home.py:12] - Rendering home page
2025-03-21 09:21:27,555 - deepfake_detection - INFO - [database.py:19] - Initializing database
2025-03-21 09:21:27,571 - deepfake_detection - INFO - [database.py:60] - Admin user already exists
2025-03-21 09:21:27,571 - deepfake_detection - INFO - [database.py:63] - Database initialization completed successfully
2025-03-21 09:21:27,613 - deepfake_detection - INFO - [app.py:52] - Application startup
2025-03-21 09:21:27,687 - deepfake_detection - INFO - [app.py:61] - Rendering home page
2025-03-21 09:21:27,706 - deepfake_detection - INFO - [home.py:12] - Rendering home page
2025-03-21 09:21:27,855 - deepfake_detection - INFO - [home.py:31] - User clicked login button, redirecting to login page
2025-03-21 09:21:28,576 - deepfake_detection - INFO - [database.py:19] - Initializing database
2025-03-21 09:21:28,588 - deepfake_detection - INFO - [database.py:60] - Admin user already exists
2025-03-21 09:21:28,596 - deepfake_detection - INFO - [database.py:63] - Database initialization completed successfully
2025-03-21 09:21:28,621 - deepfake_detection - INFO - [app.py:52] - Application startup
2025-03-21 09:21:28,732 - deepfake_detection - INFO - [app.py:64] - Rendering login page
2025-03-21 09:21:29,127 - deepfake_detection - INFO - [database.py:19] - Initializing database
2025-03-21 09:21:29,147 - deepfake_detection - INFO - [database.py:60] - Admin user already exists
2025-03-21 09:21:29,147 - deepfake_detection - INFO - [database.py:63] - Database initialization completed successfully
2025-03-21 09:21:29,170 - deepfake_detection - INFO - [app.py:52] - Application startup
2025-03-21 09:21:29,210 - deepfake_detection - INFO - [app.py:64] - Rendering login page
2025-03-21 09:21:35,196 - deepfake_detection - INFO - [database.py:19] - Initializing database
2025-03-21 09:21:35,204 - deepfake_detection - INFO - [database.py:60] - Admin user already exists
2025-03-21 09:21:35,214 - deepfake_detection - INFO - [database.py:63] - Database initialization completed successfully
2025-03-21 09:21:35,265 - deepfake_detection - INFO - [app.py:52] - Application startup
2025-03-21 09:21:35,297 - deepfake_detection - INFO - [app.py:64] - Rendering login page
2025-03-21 09:21:35,787 - deepfake_detection - INFO - [database.py:19] - Initializing database
2025-03-21 09:21:35,802 - deepfake_detection - INFO - [database.py:60] - Admin user already exists
2025-03-21 09:21:35,824 - deepfake_detection - INFO - [database.py:63] - Database initialization completed successfully
2025-03-21 09:21:35,874 - deepfake_detection - INFO - [app.py:52] - Application startup
2025-03-21 09:21:35,921 - deepfake_detection - INFO - [app.py:64] - Rendering login page
2025-03-21 09:21:36,021 - deepfake_detection - INFO - [database.py:131] - Login attempt for user: admin
2025-03-21 09:21:36,043 - deepfake_detection - INFO - [database.py:156] - Successful login for user: admin
2025-03-21 09:21:36,066 - deepfake_detection - INFO - [login.py:162] - User admin logged in successfully
2025-03-21 09:21:37,085 - deepfake_detection - INFO - [database.py:19] - Initializing database
2025-03-21 09:21:37,101 - deepfake_detection - INFO - [database.py:60] - Admin user already exists
2025-03-21 09:21:37,112 - deepfake_detection - INFO - [database.py:63] - Database initialization completed successfully
2025-03-21 09:21:37,148 - deepfake_detection - INFO - [app.py:52] - Application startup
2025-03-21 09:21:37,173 - deepfake_detection - INFO - [app.py:57] - User admin accessing dashboard
2025-03-21 09:21:37,197 - deepfake_detection - INFO - [dashboard.py:28] - Loading dashboard for user: admin
2025-03-21 09:21:37,713 - deepfake_detection - INFO - [database.py:19] - Initializing database
2025-03-21 09:21:37,718 - deepfake_detection - INFO - [database.py:60] - Admin user already exists
2025-03-21 09:21:37,732 - deepfake_detection - INFO - [database.py:63] - Database initialization completed successfully
2025-03-21 09:21:37,762 - deepfake_detection - INFO - [app.py:52] - Application startup
2025-03-21 09:21:37,794 - deepfake_detection - INFO - [app.py:57] - User admin accessing dashboard
2025-03-21 09:21:37,837 - deepfake_detection - INFO - [dashboard.py:28] - Loading dashboard for user: admin
2025-03-21 09:21:40,584 - deepfake_detection - INFO - [database.py:19] - Initializing database
2025-03-21 09:21:40,592 - deepfake_detection - INFO - [database.py:60] - Admin user already exists
2025-03-21 09:21:40,592 - deepfake_detection - INFO - [database.py:63] - Database initialization completed successfully
2025-03-21 09:21:40,631 - deepfake_detection - INFO - [app.py:52] - Application startup
2025-03-21 09:21:40,655 - deepfake_detection - INFO - [app.py:57] - User admin accessing dashboard
2025-03-21 09:21:40,676 - deepfake_detection - INFO - [dashboard.py:28] - Loading dashboard for user: admin
2025-03-21 09:21:48,199 - deepfake_detection - INFO - [database.py:19] - Initializing database
2025-03-21 09:21:48,216 - deepfake_detection - INFO - [database.py:60] - Admin user already exists
2025-03-21 09:21:48,223 - deepfake_detection - INFO - [database.py:63] - Database initialization completed successfully
2025-03-21 09:21:48,269 - deepfake_detection - INFO - [app.py:52] - Application startup
2025-03-21 09:21:48,288 - deepfake_detection - INFO - [app.py:57] - User admin accessing dashboard
2025-03-21 09:21:48,309 - deepfake_detection - INFO - [dashboard.py:28] - Loading dashboard for user: admin
2025-03-21 09:22:04,945 - deepfake_detection - INFO - [database.py:19] - Initializing database
2025-03-21 09:22:04,953 - deepfake_detection - INFO - [database.py:60] - Admin user already exists
2025-03-21 09:22:04,961 - deepfake_detection - INFO - [database.py:63] - Database initialization completed successfully
2025-03-21 09:22:05,010 - deepfake_detection - INFO - [app.py:52] - Application startup
2025-03-21 09:22:05,074 - deepfake_detection - INFO - [app.py:57] - User admin accessing dashboard
2025-03-21 09:22:05,074 - deepfake_detection - INFO - [dashboard.py:28] - Loading dashboard for user: admin
2025-03-21 09:22:08,298 - deepfake_detection - INFO - [database.py:19] - Initializing database
2025-03-21 09:22:08,314 - deepfake_detection - INFO - [database.py:60] - Admin user already exists
2025-03-21 09:22:08,323 - deepfake_detection - INFO - [database.py:63] - Database initialization completed successfully
2025-03-21 09:22:08,349 - deepfake_detection - INFO - [app.py:52] - Application startup
2025-03-21 09:22:08,414 - deepfake_detection - INFO - [app.py:57] - User admin accessing dashboard
2025-03-21 09:22:08,419 - deepfake_detection - INFO - [dashboard.py:28] - Loading dashboard for user: admin
2025-03-21 09:22:08,857 - deepfake_detection - INFO - [image_processing.py:35] - Image classified as fake with confidence 0.99
2025-03-21 09:22:08,865 - deepfake_detection - INFO - [database.py:173] - Logging activity for user admin: Image analysis
2025-03-21 09:22:49,037 - deepfake_detection - INFO - [database.py:19] - Initializing database
2025-03-21 09:22:49,070 - deepfake_detection - INFO - [database.py:60] - Admin user already exists
2025-03-21 09:22:49,186 - deepfake_detection - INFO - [database.py:63] - Database initialization completed successfully
2025-03-21 09:22:49,306 - deepfake_detection - INFO - [app.py:52] - Application startup
2025-03-21 09:22:49,325 - deepfake_detection - INFO - [app.py:61] - Rendering home page
2025-03-21 09:22:49,333 - deepfake_detection - INFO - [home.py:12] - Rendering home page
2025-03-21 09:46:30,858 - deepfake_detection - INFO - [database.py:19] - Initializing database
2025-03-21 09:46:30,858 - deepfake_detection - INFO - [database.py:60] - Admin user already exists
2025-03-21 09:46:30,858 - deepfake_detection - INFO - [database.py:63] - Database initialization completed successfully
2025-03-21 09:46:30,867 - deepfake_detection - INFO - [app.py:52] - Application startup
2025-03-21 09:46:30,867 - deepfake_detection - INFO - [app.py:61] - Rendering home page
2025-03-21 09:46:30,894 - deepfake_detection - INFO - [home.py:12] - Rendering home page
2025-03-21 09:51:05,702 - deepfake_detection - INFO - [database.py:19] - Initializing database
2025-03-21 09:51:05,710 - deepfake_detection - INFO - [database.py:60] - Admin user already exists
2025-03-21 09:51:05,710 - deepfake_detection - INFO - [database.py:63] - Database initialization completed successfully
2025-03-21 09:51:05,777 - deepfake_detection - INFO - [app.py:52] - Application startup
2025-03-21 09:51:05,809 - deepfake_detection - INFO - [app.py:61] - Rendering home page
2025-03-21 09:51:05,932 - deepfake_detection - INFO - [home.py:12] - Rendering home page
2025-03-21 09:51:06,209 - deepfake_detection - INFO - [home.py:31] - User clicked login button, redirecting to login page
2025-03-21 09:55:11,017 - deepfake_detection - INFO - [database.py:19] - Initializing database
2025-03-21 09:55:11,025 - deepfake_detection - INFO - [database.py:60] - Admin user already exists
2025-03-21 09:55:11,040 - deepfake_detection - INFO - [database.py:63] - Database initialization completed successfully
2025-03-21 09:55:11,072 - deepfake_detection - INFO - [app.py:52] - Application startup
2025-03-21 09:55:11,140 - deepfake_detection - INFO - [app.py:61] - Rendering home page
2025-03-21 09:55:11,169 - deepfake_detection - INFO - [home.py:12] - Rendering home page
2025-03-21 09:55:21,156 - deepfake_detection - INFO - [database.py:19] - Initializing database
2025-03-21 09:55:21,171 - deepfake_detection - INFO - [database.py:60] - Admin user already exists
2025-03-21 09:55:21,179 - deepfake_detection - INFO - [database.py:63] - Database initialization completed successfully
2025-03-21 09:55:21,277 - deepfake_detection - INFO - [app.py:52] - Application startup
2025-03-21 09:55:21,408 - deepfake_detection - INFO - [app.py:61] - Rendering home page
2025-03-21 09:55:21,424 - deepfake_detection - INFO - [home.py:12] - Rendering home page
2025-03-21 09:55:22,189 - deepfake_detection - INFO - [database.py:19] - Initializing database
2025-03-21 09:55:22,205 - deepfake_detection - INFO - [database.py:60] - Admin user already exists
2025-03-21 09:55:22,344 - deepfake_detection - INFO - [database.py:63] - Database initialization completed successfully
2025-03-21 09:55:22,370 - deepfake_detection - INFO - [app.py:52] - Application startup
2025-03-21 09:55:22,394 - deepfake_detection - INFO - [app.py:61] - Rendering home page
2025-03-21 09:55:22,422 - deepfake_detection - INFO - [home.py:12] - Rendering home page
2025-03-21 09:55:22,552 - deepfake_detection - INFO - [home.py:31] - User clicked login button, redirecting to login page
2025-03-21 09:56:50,715 - deepfake_detection - INFO - [database.py:19] - Initializing database
2025-03-21 09:56:50,724 - deepfake_detection - INFO - [database.py:60] - Admin user already exists
2025-03-21 09:56:50,738 - deepfake_detection - INFO - [database.py:63] - Database initialization completed successfully
2025-03-21 09:56:50,763 - deepfake_detection - INFO - [app.py:52] - Application startup
2025-03-21 09:56:50,794 - deepfake_detection - INFO - [app.py:64] - Rendering login page
2025-03-21 09:56:51,278 - deepfake_detection - INFO - [database.py:19] - Initializing database
2025-03-21 09:56:51,287 - deepfake_detection - INFO - [database.py:60] - Admin user already exists
2025-03-21 09:56:51,295 - deepfake_detection - INFO - [database.py:63] - Database initialization completed successfully
2025-03-21 09:56:51,311 - deepfake_detection - INFO - [app.py:52] - Application startup
2025-03-21 09:56:51,319 - deepfake_detection - INFO - [app.py:64] - Rendering login page
2025-03-21 09:56:57,172 - deepfake_detection - INFO - [database.py:87] - Attempting to register new user: testuser
2025-03-21 09:56:57,188 - deepfake_detection - INFO - [database.py:120] - User registered successfully: testuser
2025-03-21 09:56:57,222 - deepfake_detection - INFO - [database.py:87] - Attempting to register new user: testuser
2025-03-21 09:56:57,222 - deepfake_detection - WARNING - [database.py:95] - Registration failed: Username or email already exists - testuser
2025-03-21 09:56:57,271 - deepfake_detection - INFO - [database.py:131] - Login attempt for user: logintest
2025-03-21 09:56:57,281 - deepfake_detection - INFO - [database.py:156] - Successful login for user: logintest
2025-03-21 09:56:57,301 - deepfake_detection - INFO - [database.py:131] - Login attempt for user: logintest
2025-03-21 09:56:57,301 - deepfake_detection - WARNING - [database.py:152] - Failed login attempt for user: logintest
2025-03-21 09:56:57,422 - deepfake_detection - INFO - [database.py:87] - Attempting to register new user: googleuser
2025-03-21 09:56:57,456 - deepfake_detection - INFO - [database.py:120] - User registered successfully: googleuser
2025-03-21 09:56:57,512 - deepfake_detection - INFO - [database.py:19] - Initializing database
2025-03-21 09:56:57,538 - deepfake_detection - INFO - [database.py:60] - Admin user already exists
2025-03-21 09:56:57,554 - deepfake_detection - INFO - [database.py:63] - Database initialization completed successfully
2025-03-21 09:56:57,608 - deepfake_detection - INFO - [app.py:52] - Application startup
2025-03-21 09:56:57,640 - deepfake_detection - INFO - [app.py:64] - Rendering login page
2025-03-21 09:56:57,796 - deepfake_detection - INFO - [database.py:131] - Login attempt for user: google@example.com
2025-03-21 09:56:57,814 - deepfake_detection - INFO - [database.py:156] - Successful login for user: googleuser
2025-03-21 09:56:58,076 - deepfake_detection - INFO - [database.py:19] - Initializing database
2025-03-21 09:56:58,099 - deepfake_detection - INFO - [database.py:60] - Admin user already exists
2025-03-21 09:56:58,125 - deepfake_detection - INFO - [database.py:63] - Database initialization completed successfully
2025-03-21 09:56:58,153 - deepfake_detection - INFO - [app.py:52] - Application startup
2025-03-21 09:56:58,169 - deepfake_detection - INFO - [app.py:64] - Rendering login page
2025-03-21 09:56:58,228 - deepfake_detection - INFO - [database.py:131] - Login attempt for user: admin
2025-03-21 09:56:58,244 - deepfake_detection - INFO - [database.py:156] - Successful login for user: admin
2025-03-21 09:56:58,256 - deepfake_detection - INFO - [login.py:162] - User admin logged in successfully
2025-03-21 09:56:58,948 - deepfake_detection - WARNING - [utils.py:27] - Invalid email format: invalid.email
2025-03-21 09:56:58,981 - deepfake_detection - WARNING - [utils.py:27] - Invalid email format: user@.com
2025-03-21 09:56:58,998 - deepfake_detection - WARNING - [utils.py:32] - Invalid email - consecutive dots: user..name@example.com
2025-03-21 09:56:59,017 - deepfake_detection - WARNING - [utils.py:27] - Invalid email format: aaaaaaaaaaaaaaaaaaaaaaaaaaaaaaaaaaaaaaaaaaaaaaaaaaaaaaaaaaaaaaaaa@example.com
2025-03-21 09:56:59,036 - deepfake_detection - WARNING - [utils.py:22] - Email too long: user@aaaaaaaaaaaaaaaaaaaaaaaaaaaaaaaaaaaaaaaaaaaaaaaaaaaaaaaaaaaaaaaaaaaaaaaaaaaaaaaaaaaaaaaaaaaaaaaaaaaaaaaaaaaaaaaaaaaaaaaaaaaaaaaaaaaaaaaaaaaaaaaaaaaaaaaaaaaaaaaaaaaaaaaaaaaaaaaaaaaaaaaaaaaaaaaaaaaaaaaaaaaaaaaaaaaaaaaaaaaaaaaaaaaaaaaaaaaaaaaaaaaaaaaaaaaaaaaa.com
2025-03-21 09:56:59,137 - deepfake_detection - WARNING - [utils.py:56] - Invalid username format: 123user
2025-03-21 09:56:59,165 - deepfake_detection - WARNING - [utils.py:56] - Invalid username format: _username
2025-03-21 09:56:59,202 - deepfake_detection - WARNING - [utils.py:56] - Invalid username format: us
2025-03-21 09:56:59,242 - deepfake_detection - WARNING - [utils.py:56] - Invalid username format: username_
2025-03-21 09:56:59,276 - deepfake_detection - WARNING - [utils.py:56] - Invalid username format: aaaaaaaaaaaaaaaaaaaaa
2025-03-21 09:56:59,323 - deepfake_detection - WARNING - [utils.py:71] - Password too short
2025-03-21 09:56:59,350 - deepfake_detection - WARNING - [utils.py:83] - Password missing required character type
2025-03-21 09:56:59,364 - deepfake_detection - WARNING - [utils.py:83] - Password missing required character type
2025-03-21 09:56:59,397 - deepfake_detection - WARNING - [utils.py:83] - Password missing required character type
2025-03-21 09:56:59,425 - deepfake_detection - WARNING - [utils.py:83] - Password missing required character type
2025-03-21 09:56:59,450 - deepfake_detection - WARNING - [utils.py:71] - Password too short
2025-03-21 09:56:59,529 - deepfake_detection - WARNING - [utils.py:103] - Invalid phone number format: 123456
2025-03-21 09:56:59,562 - deepfake_detection - WARNING - [utils.py:103] - Invalid phone number format: abcd1234567
2025-03-21 09:56:59,599 - deepfake_detection - WARNING - [utils.py:103] - Invalid phone number format: +123000000000000000
2025-03-21 09:56:59,796 - deepfake_detection - INFO - [database.py:19] - Initializing database
2025-03-21 09:56:59,804 - deepfake_detection - INFO - [database.py:60] - Admin user already exists
2025-03-21 09:56:59,812 - deepfake_detection - INFO - [database.py:63] - Database initialization completed successfully
2025-03-21 09:56:59,829 - deepfake_detection - INFO - [app.py:52] - Application startup
2025-03-21 09:56:59,846 - deepfake_detection - INFO - [app.py:57] - User admin accessing dashboard
2025-03-21 09:56:59,854 - deepfake_detection - INFO - [dashboard.py:28] - Loading dashboard for user: admin
2025-03-21 09:58:28,170 - deepfake_detection - INFO - [database.py:19] - Initializing database
2025-03-21 09:58:28,176 - deepfake_detection - INFO - [database.py:60] - Admin user already exists
2025-03-21 09:58:28,190 - deepfake_detection - INFO - [database.py:63] - Database initialization completed successfully
2025-03-21 09:58:28,204 - deepfake_detection - INFO - [app.py:52] - Application startup
2025-03-21 09:58:28,227 - deepfake_detection - INFO - [app.py:57] - User admin accessing dashboard
2025-03-21 09:58:28,235 - deepfake_detection - INFO - [dashboard.py:28] - Loading dashboard for user: admin
2025-03-21 09:58:35,906 - deepfake_detection - INFO - [database.py:19] - Initializing database
2025-03-21 09:58:35,914 - deepfake_detection - INFO - [database.py:60] - Admin user already exists
2025-03-21 09:58:35,923 - deepfake_detection - INFO - [database.py:63] - Database initialization completed successfully
2025-03-21 09:58:35,961 - deepfake_detection - INFO - [app.py:52] - Application startup
2025-03-21 09:58:36,009 - deepfake_detection - INFO - [app.py:57] - User admin accessing dashboard
2025-03-21 09:58:36,025 - deepfake_detection - INFO - [dashboard.py:28] - Loading dashboard for user: admin
2025-03-21 09:58:36,571 - deepfake_detection - INFO - [image_processing.py:35] - Image classified as real with confidence 0.95
2025-03-21 09:58:36,594 - deepfake_detection - INFO - [database.py:173] - Logging activity for user admin: Image analysis
2025-03-21 09:58:46,883 - deepfake_detection - INFO - [database.py:19] - Initializing database
2025-03-21 09:58:46,904 - deepfake_detection - INFO - [database.py:60] - Admin user already exists
2025-03-21 09:58:46,929 - deepfake_detection - INFO - [database.py:63] - Database initialization completed successfully
2025-03-21 09:58:47,063 - deepfake_detection - INFO - [app.py:52] - Application startup
2025-03-21 09:58:47,096 - deepfake_detection - INFO - [app.py:57] - User admin accessing dashboard
2025-03-21 09:58:47,120 - deepfake_detection - INFO - [dashboard.py:28] - Loading dashboard for user: admin
2025-03-21 09:59:00,924 - deepfake_detection - INFO - [database.py:19] - Initializing database
2025-03-21 09:59:00,932 - deepfake_detection - INFO - [database.py:60] - Admin user already exists
2025-03-21 09:59:01,011 - deepfake_detection - INFO - [database.py:63] - Database initialization completed successfully
2025-03-21 09:59:01,031 - deepfake_detection - INFO - [app.py:52] - Application startup
2025-03-21 09:59:01,040 - deepfake_detection - INFO - [app.py:57] - User admin accessing dashboard
2025-03-21 09:59:01,157 - deepfake_detection - INFO - [dashboard.py:28] - Loading dashboard for user: admin
2025-03-21 09:59:03,914 - deepfake_detection - INFO - [database.py:19] - Initializing database
2025-03-21 09:59:03,930 - deepfake_detection - INFO - [database.py:60] - Admin user already exists
2025-03-21 09:59:03,940 - deepfake_detection - INFO - [database.py:63] - Database initialization completed successfully
2025-03-21 09:59:04,090 - deepfake_detection - INFO - [app.py:52] - Application startup
2025-03-21 09:59:04,128 - deepfake_detection - INFO - [app.py:57] - User admin accessing dashboard
2025-03-21 09:59:04,348 - deepfake_detection - INFO - [dashboard.py:28] - Loading dashboard for user: admin
2025-03-21 09:59:39,746 - deepfake_detection - INFO - [database.py:19] - Initializing database
2025-03-21 09:59:39,746 - deepfake_detection - INFO - [database.py:60] - Admin user already exists
2025-03-21 09:59:39,746 - deepfake_detection - INFO - [database.py:63] - Database initialization completed successfully
2025-03-21 09:59:39,767 - deepfake_detection - INFO - [app.py:52] - Application startup
2025-03-21 09:59:39,767 - deepfake_detection - INFO - [app.py:57] - User admin accessing dashboard
2025-03-21 09:59:39,789 - deepfake_detection - INFO - [dashboard.py:28] - Loading dashboard for user: admin
2025-03-21 09:59:39,938 - deepfake_detection - INFO - [database.py:191] - Retrieving stats for user: admin
2025-03-21 09:59:39,946 - deepfake_detection - INFO - [database.py:224] - Retrieving recent activity for user: admin
2025-03-21 10:00:03,237 - deepfake_detection - INFO - [database.py:19] - Initializing database
2025-03-21 10:00:03,241 - deepfake_detection - INFO - [database.py:60] - Admin user already exists
2025-03-21 10:00:03,241 - deepfake_detection - INFO - [database.py:63] - Database initialization completed successfully
2025-03-21 10:00:03,274 - deepfake_detection - INFO - [app.py:52] - Application startup
2025-03-21 10:00:03,313 - deepfake_detection - INFO - [app.py:57] - User admin accessing dashboard
2025-03-21 10:00:03,343 - deepfake_detection - INFO - [dashboard.py:28] - Loading dashboard for user: admin
2025-03-21 10:00:12,632 - deepfake_detection - INFO - [database.py:19] - Initializing database
2025-03-21 10:00:12,648 - deepfake_detection - INFO - [database.py:60] - Admin user already exists
2025-03-21 10:00:12,666 - deepfake_detection - INFO - [database.py:63] - Database initialization completed successfully
2025-03-21 10:00:12,682 - deepfake_detection - INFO - [app.py:52] - Application startup
2025-03-21 10:00:12,717 - deepfake_detection - INFO - [app.py:57] - User admin accessing dashboard
2025-03-21 10:00:12,876 - deepfake_detection - INFO - [dashboard.py:28] - Loading dashboard for user: admin
2025-03-21 10:00:15,930 - deepfake_detection - INFO - [database.py:19] - Initializing database
2025-03-21 10:00:15,940 - deepfake_detection - INFO - [database.py:60] - Admin user already exists
2025-03-21 10:00:15,945 - deepfake_detection - INFO - [database.py:63] - Database initialization completed successfully
2025-03-21 10:00:15,986 - deepfake_detection - INFO - [app.py:52] - Application startup
2025-03-21 10:00:16,029 - deepfake_detection - INFO - [app.py:57] - User admin accessing dashboard
2025-03-21 10:00:16,071 - deepfake_detection - INFO - [dashboard.py:28] - Loading dashboard for user: admin
2025-03-21 10:01:02,170 - deepfake_detection - INFO - [database.py:173] - Logging activity for user admin: Video analysis
2025-03-21 10:03:09,690 - deepfake_detection - INFO - [database.py:19] - Initializing database
2025-03-21 10:03:09,718 - deepfake_detection - INFO - [database.py:60] - Admin user already exists
2025-03-21 10:03:09,726 - deepfake_detection - INFO - [database.py:63] - Database initialization completed successfully
2025-03-21 10:03:09,778 - deepfake_detection - INFO - [app.py:52] - Application startup
2025-03-21 10:03:09,875 - deepfake_detection - INFO - [app.py:64] - Rendering login page
2025-03-21 10:03:10,490 - deepfake_detection - INFO - [database.py:19] - Initializing database
2025-03-21 10:03:10,518 - deepfake_detection - INFO - [database.py:60] - Admin user already exists
2025-03-21 10:03:10,526 - deepfake_detection - INFO - [database.py:63] - Database initialization completed successfully
2025-03-21 10:03:10,592 - deepfake_detection - INFO - [app.py:52] - Application startup
2025-03-21 10:03:10,694 - deepfake_detection - INFO - [app.py:64] - Rendering login page
2025-03-21 10:03:14,538 - deepfake_detection - INFO - [database.py:19] - Initializing database
2025-03-21 10:03:14,545 - deepfake_detection - INFO - [database.py:60] - Admin user already exists
2025-03-21 10:03:14,553 - deepfake_detection - INFO - [database.py:63] - Database initialization completed successfully
2025-03-21 10:03:14,574 - deepfake_detection - INFO - [app.py:52] - Application startup
2025-03-21 10:03:14,590 - deepfake_detection - INFO - [app.py:64] - Rendering login page
2025-03-21 10:04:45,436 - deepfake_detection - INFO - [database.py:19] - Initializing database
2025-03-21 10:04:45,444 - deepfake_detection - INFO - [database.py:60] - Admin user already exists
2025-03-21 10:04:45,444 - deepfake_detection - INFO - [database.py:63] - Database initialization completed successfully
2025-03-21 10:04:45,485 - deepfake_detection - INFO - [app.py:52] - Application startup
2025-03-21 10:04:45,509 - deepfake_detection - INFO - [app.py:57] - User admin accessing dashboard
2025-03-21 10:04:45,546 - deepfake_detection - INFO - [dashboard.py:28] - Loading dashboard for user: admin
2025-03-21 10:04:46,111 - deepfake_detection - INFO - [database.py:191] - Retrieving stats for user: admin
2025-03-21 10:04:46,127 - deepfake_detection - INFO - [database.py:224] - Retrieving recent activity for user: admin
2025-03-21 10:05:50,034 - deepfake_detection - INFO - [database.py:19] - Initializing database
2025-03-21 10:05:50,050 - deepfake_detection - INFO - [database.py:60] - Admin user already exists
2025-03-21 10:05:50,050 - deepfake_detection - INFO - [database.py:63] - Database initialization completed successfully
2025-03-21 10:05:50,085 - deepfake_detection - INFO - [app.py:52] - Application startup
2025-03-21 10:05:50,101 - deepfake_detection - INFO - [app.py:57] - User admin accessing dashboard
2025-03-21 10:05:50,125 - deepfake_detection - INFO - [dashboard.py:28] - Loading dashboard for user: admin
2025-03-21 10:18:07,571 - deepfake_detection - INFO - [database.py:19] - Initializing database
2025-03-21 10:18:07,595 - deepfake_detection - INFO - [database.py:60] - Admin user already exists
2025-03-21 10:18:07,612 - deepfake_detection - INFO - [database.py:63] - Database initialization completed successfully
2025-03-21 10:18:07,636 - deepfake_detection - INFO - [app.py:52] - Application startup
2025-03-21 10:18:07,665 - deepfake_detection - INFO - [app.py:57] - User admin accessing dashboard
2025-03-21 10:18:07,777 - deepfake_detection - INFO - [dashboard.py:28] - Loading dashboard for user: admin
2025-03-21 10:18:07,921 - deepfake_detection - INFO - [dashboard.py:175] - User admin logged out
2025-03-21 10:18:09,644 - deepfake_detection - INFO - [database.py:19] - Initializing database
2025-03-21 10:18:09,660 - deepfake_detection - INFO - [database.py:60] - Admin user already exists
2025-03-21 10:18:09,701 - deepfake_detection - INFO - [database.py:63] - Database initialization completed successfully
2025-03-21 10:18:09,762 - deepfake_detection - INFO - [app.py:52] - Application startup
2025-03-21 10:18:09,809 - deepfake_detection - INFO - [app.py:64] - Rendering login page
2025-03-21 10:18:47,805 - deepfake_detection - INFO - [database.py:19] - Initializing database
2025-03-21 10:18:47,820 - deepfake_detection - INFO - [database.py:60] - Admin user already exists
2025-03-21 10:18:47,843 - deepfake_detection - INFO - [database.py:63] - Database initialization completed successfully
2025-03-21 10:18:47,997 - deepfake_detection - INFO - [app.py:52] - Application startup
2025-03-21 10:18:48,050 - deepfake_detection - INFO - [app.py:64] - Rendering login page
2025-03-21 10:18:48,199 - deepfake_detection - INFO - [database.py:131] - Login attempt for user: admin
2025-03-21 10:18:48,257 - deepfake_detection - INFO - [database.py:156] - Successful login for user: admin
2025-03-21 10:18:48,290 - deepfake_detection - INFO - [login.py:162] - User admin logged in successfully
2025-03-21 10:18:50,346 - deepfake_detection - INFO - [database.py:19] - Initializing database
2025-03-21 10:18:50,355 - deepfake_detection - INFO - [database.py:60] - Admin user already exists
2025-03-21 10:18:50,372 - deepfake_detection - INFO - [database.py:63] - Database initialization completed successfully
2025-03-21 10:18:50,450 - deepfake_detection - INFO - [app.py:52] - Application startup
2025-03-21 10:18:50,488 - deepfake_detection - INFO - [app.py:57] - User admin accessing dashboard
2025-03-21 10:18:50,513 - deepfake_detection - INFO - [dashboard.py:28] - Loading dashboard for user: admin
2025-03-21 10:19:01,412 - deepfake_detection - INFO - [database.py:19] - Initializing database
2025-03-21 10:19:01,420 - deepfake_detection - INFO - [database.py:60] - Admin user already exists
2025-03-21 10:19:01,428 - deepfake_detection - INFO - [database.py:63] - Database initialization completed successfully
2025-03-21 10:19:01,469 - deepfake_detection - INFO - [app.py:52] - Application startup
2025-03-21 10:19:01,504 - deepfake_detection - INFO - [app.py:57] - User admin accessing dashboard
2025-03-21 10:19:01,532 - deepfake_detection - INFO - [dashboard.py:28] - Loading dashboard for user: admin
2025-03-21 10:19:02,019 - deepfake_detection - INFO - [database.py:191] - Retrieving stats for user: admin
2025-03-21 10:19:02,037 - deepfake_detection - INFO - [database.py:224] - Retrieving recent activity for user: admin
2025-03-21 10:19:09,820 - deepfake_detection - INFO - [database.py:19] - Initializing database
2025-03-21 10:19:09,836 - deepfake_detection - INFO - [database.py:60] - Admin user already exists
2025-03-21 10:19:09,836 - deepfake_detection - INFO - [database.py:63] - Database initialization completed successfully
2025-03-21 10:19:09,880 - deepfake_detection - INFO - [app.py:52] - Application startup
2025-03-21 10:19:09,964 - deepfake_detection - INFO - [app.py:57] - User admin accessing dashboard
2025-03-21 10:19:09,978 - deepfake_detection - INFO - [dashboard.py:28] - Loading dashboard for user: admin
2025-03-21 10:19:11,436 - deepfake_detection - INFO - [database.py:19] - Initializing database
2025-03-21 10:19:11,436 - deepfake_detection - INFO - [database.py:60] - Admin user already exists
2025-03-21 10:19:11,495 - deepfake_detection - INFO - [database.py:63] - Database initialization completed successfully
2025-03-21 10:19:11,554 - deepfake_detection - INFO - [app.py:52] - Application startup
2025-03-21 10:19:11,592 - deepfake_detection - INFO - [app.py:57] - User admin accessing dashboard
2025-03-21 10:19:11,592 - deepfake_detection - INFO - [dashboard.py:28] - Loading dashboard for user: admin
2025-03-21 10:19:16,273 - deepfake_detection - INFO - [database.py:19] - Initializing database
2025-03-21 10:19:16,281 - deepfake_detection - INFO - [database.py:60] - Admin user already exists
2025-03-21 10:19:16,281 - deepfake_detection - INFO - [database.py:63] - Database initialization completed successfully
2025-03-21 10:19:16,320 - deepfake_detection - INFO - [app.py:52] - Application startup
2025-03-21 10:19:16,373 - deepfake_detection - INFO - [app.py:57] - User admin accessing dashboard
2025-03-21 10:19:16,403 - deepfake_detection - INFO - [dashboard.py:28] - Loading dashboard for user: admin
2025-03-21 10:19:17,953 - deepfake_detection - INFO - [database.py:19] - Initializing database
2025-03-21 10:19:18,087 - deepfake_detection - INFO - [database.py:60] - Admin user already exists
2025-03-21 10:19:18,087 - deepfake_detection - INFO - [database.py:63] - Database initialization completed successfully
2025-03-21 10:19:18,109 - deepfake_detection - INFO - [app.py:52] - Application startup
2025-03-21 10:19:18,119 - deepfake_detection - INFO - [app.py:57] - User admin accessing dashboard
2025-03-21 10:19:18,217 - deepfake_detection - INFO - [dashboard.py:28] - Loading dashboard for user: admin
2025-03-21 10:19:55,935 - deepfake_detection - INFO - [database.py:19] - Initializing database
2025-03-21 10:19:55,947 - deepfake_detection - INFO - [database.py:60] - Admin user already exists
2025-03-21 10:19:55,976 - deepfake_detection - INFO - [database.py:63] - Database initialization completed successfully
2025-03-21 10:19:56,019 - deepfake_detection - INFO - [app.py:52] - Application startup
2025-03-21 10:19:56,044 - deepfake_detection - INFO - [app.py:57] - User admin accessing dashboard
2025-03-21 10:19:56,087 - deepfake_detection - INFO - [dashboard.py:28] - Loading dashboard for user: admin
2025-03-21 10:20:10,799 - deepfake_detection - INFO - [database.py:19] - Initializing database
2025-03-21 10:20:10,830 - deepfake_detection - INFO - [database.py:60] - Admin user already exists
2025-03-21 10:20:10,837 - deepfake_detection - INFO - [database.py:63] - Database initialization completed successfully
2025-03-21 10:20:10,866 - deepfake_detection - INFO - [app.py:52] - Application startup
2025-03-21 10:20:10,897 - deepfake_detection - INFO - [app.py:57] - User admin accessing dashboard
2025-03-21 10:20:10,939 - deepfake_detection - INFO - [dashboard.py:28] - Loading dashboard for user: admin
2025-03-21 10:23:07,796 - deepfake_detection - INFO - [database.py:19] - Initializing database
2025-03-21 10:23:08,003 - deepfake_detection - INFO - [database.py:60] - Admin user already exists
2025-03-21 10:23:08,258 - deepfake_detection - INFO - [database.py:63] - Database initialization completed successfully
2025-03-21 10:23:08,374 - deepfake_detection - INFO - [app.py:52] - Application startup
2025-03-21 10:23:08,513 - deepfake_detection - INFO - [app.py:57] - User admin accessing dashboard
2025-03-21 10:23:08,513 - deepfake_detection - INFO - [dashboard.py:28] - Loading dashboard for user: admin
2025-03-21 10:23:09,357 - deepfake_detection - INFO - [database.py:19] - Initializing database
2025-03-21 10:23:09,630 - deepfake_detection - INFO - [database.py:60] - Admin user already exists
2025-03-21 10:23:09,641 - deepfake_detection - INFO - [database.py:63] - Database initialization completed successfully
2025-03-21 10:23:09,651 - deepfake_detection - INFO - [app.py:52] - Application startup
2025-03-21 10:23:09,662 - deepfake_detection - INFO - [app.py:57] - User admin accessing dashboard
2025-03-21 10:23:09,662 - deepfake_detection - INFO - [dashboard.py:28] - Loading dashboard for user: admin
2025-03-21 10:23:16,822 - deepfake_detection - INFO - [database.py:19] - Initializing database
2025-03-21 10:23:16,830 - deepfake_detection - INFO - [database.py:60] - Admin user already exists
2025-03-21 10:23:16,830 - deepfake_detection - INFO - [database.py:63] - Database initialization completed successfully
2025-03-21 10:23:16,846 - deepfake_detection - INFO - [app.py:52] - Application startup
2025-03-21 10:23:16,853 - deepfake_detection - INFO - [app.py:57] - User admin accessing dashboard
2025-03-21 10:23:16,862 - deepfake_detection - INFO - [dashboard.py:28] - Loading dashboard for user: admin
2025-03-21 10:24:37,309 - deepfake_detection - INFO - [database.py:19] - Initializing database
2025-03-21 10:24:37,328 - deepfake_detection - INFO - [database.py:60] - Admin user already exists
2025-03-21 10:24:37,333 - deepfake_detection - INFO - [database.py:63] - Database initialization completed successfully
2025-03-21 10:24:37,363 - deepfake_detection - INFO - [app.py:52] - Application startup
2025-03-21 10:24:37,396 - deepfake_detection - INFO - [app.py:57] - User admin accessing dashboard
2025-03-21 10:24:37,413 - deepfake_detection - INFO - [dashboard.py:28] - Loading dashboard for user: admin
2025-03-21 10:25:09,992 - deepfake_detection - INFO - [database.py:19] - Initializing database
2025-03-21 10:25:09,999 - deepfake_detection - INFO - [database.py:60] - Admin user already exists
2025-03-21 10:25:10,015 - deepfake_detection - INFO - [database.py:63] - Database initialization completed successfully
2025-03-21 10:25:10,119 - deepfake_detection - INFO - [app.py:52] - Application startup
2025-03-21 10:25:10,144 - deepfake_detection - INFO - [app.py:57] - User admin accessing dashboard
2025-03-21 10:25:10,172 - deepfake_detection - INFO - [dashboard.py:28] - Loading dashboard for user: admin
2025-03-21 10:25:11,830 - deepfake_detection - INFO - [database.py:19] - Initializing database
2025-03-21 10:25:11,830 - deepfake_detection - INFO - [database.py:60] - Admin user already exists
2025-03-21 10:25:11,846 - deepfake_detection - INFO - [database.py:63] - Database initialization completed successfully
2025-03-21 10:25:11,866 - deepfake_detection - INFO - [app.py:52] - Application startup
2025-03-21 10:25:11,888 - deepfake_detection - INFO - [app.py:57] - User admin accessing dashboard
2025-03-21 10:25:11,896 - deepfake_detection - INFO - [dashboard.py:28] - Loading dashboard for user: admin
2025-03-21 10:25:14,763 - deepfake_detection - INFO - [database.py:19] - Initializing database
2025-03-21 10:25:14,771 - deepfake_detection - INFO - [database.py:60] - Admin user already exists
2025-03-21 10:25:14,778 - deepfake_detection - INFO - [database.py:63] - Database initialization completed successfully
2025-03-21 10:25:14,811 - deepfake_detection - INFO - [app.py:52] - Application startup
2025-03-21 10:25:14,864 - deepfake_detection - INFO - [app.py:57] - User admin accessing dashboard
2025-03-21 10:25:14,882 - deepfake_detection - INFO - [dashboard.py:28] - Loading dashboard for user: admin
2025-03-21 11:22:58,048 - deepfake_detection - INFO - [database.py:19] - Initializing database
2025-03-21 11:22:58,102 - deepfake_detection - INFO - [database.py:60] - Admin user already exists
2025-03-21 11:22:58,134 - deepfake_detection - INFO - [database.py:63] - Database initialization completed successfully
2025-03-21 11:22:58,236 - deepfake_detection - INFO - [app.py:52] - Application startup
2025-03-21 11:22:58,245 - deepfake_detection - INFO - [app.py:61] - Rendering home page
2025-03-21 11:22:58,341 - deepfake_detection - INFO - [home.py:12] - Rendering home page
2025-03-21 11:23:17,269 - deepfake_detection - INFO - [database.py:19] - Initializing database
2025-03-21 11:23:17,278 - deepfake_detection - INFO - [database.py:60] - Admin user already exists
2025-03-21 11:23:17,317 - deepfake_detection - INFO - [database.py:63] - Database initialization completed successfully
2025-03-21 11:23:17,415 - deepfake_detection - INFO - [app.py:52] - Application startup
2025-03-21 11:23:17,517 - deepfake_detection - INFO - [app.py:61] - Rendering home page
2025-03-21 11:23:17,561 - deepfake_detection - INFO - [home.py:12] - Rendering home page
2025-03-21 11:23:17,695 - deepfake_detection - INFO - [home.py:31] - User clicked login button, redirecting to login page
2025-03-21 11:23:19,159 - deepfake_detection - INFO - [database.py:19] - Initializing database
2025-03-21 11:23:19,173 - deepfake_detection - INFO - [database.py:60] - Admin user already exists
2025-03-21 11:23:19,179 - deepfake_detection - INFO - [database.py:63] - Database initialization completed successfully
2025-03-21 11:23:19,250 - deepfake_detection - INFO - [app.py:52] - Application startup
2025-03-21 11:23:19,274 - deepfake_detection - INFO - [app.py:64] - Rendering login page
2025-03-21 11:23:19,794 - deepfake_detection - INFO - [database.py:19] - Initializing database
2025-03-21 11:23:19,834 - deepfake_detection - INFO - [database.py:60] - Admin user already exists
2025-03-21 11:23:19,840 - deepfake_detection - INFO - [database.py:63] - Database initialization completed successfully
2025-03-21 11:23:19,931 - deepfake_detection - INFO - [app.py:52] - Application startup
2025-03-21 11:23:19,974 - deepfake_detection - INFO - [app.py:64] - Rendering login page
2025-03-21 11:23:25,996 - deepfake_detection - INFO - [database.py:19] - Initializing database
2025-03-21 11:23:26,007 - deepfake_detection - INFO - [database.py:60] - Admin user already exists
2025-03-21 11:23:26,014 - deepfake_detection - INFO - [database.py:63] - Database initialization completed successfully
2025-03-21 11:23:26,069 - deepfake_detection - INFO - [app.py:52] - Application startup
2025-03-21 11:23:26,128 - deepfake_detection - INFO - [app.py:64] - Rendering login page
2025-03-21 11:23:26,264 - deepfake_detection - INFO - [database.py:131] - Login attempt for user: admin
2025-03-21 11:23:26,292 - deepfake_detection - INFO - [database.py:156] - Successful login for user: admin
2025-03-21 11:23:26,332 - deepfake_detection - INFO - [login.py:162] - User admin logged in successfully
2025-03-21 11:23:27,369 - deepfake_detection - INFO - [database.py:19] - Initializing database
2025-03-21 11:23:27,387 - deepfake_detection - INFO - [database.py:60] - Admin user already exists
2025-03-21 11:23:27,399 - deepfake_detection - INFO - [database.py:63] - Database initialization completed successfully
2025-03-21 11:23:27,492 - deepfake_detection - INFO - [app.py:52] - Application startup
2025-03-21 11:23:27,547 - deepfake_detection - INFO - [app.py:57] - User admin accessing dashboard
2025-03-21 11:23:27,563 - deepfake_detection - INFO - [dashboard.py:28] - Loading dashboard for user: admin
2025-03-21 11:23:28,010 - deepfake_detection - INFO - [database.py:19] - Initializing database
2025-03-21 11:23:28,027 - deepfake_detection - INFO - [database.py:60] - Admin user already exists
2025-03-21 11:23:28,027 - deepfake_detection - INFO - [database.py:63] - Database initialization completed successfully
2025-03-21 11:23:28,098 - deepfake_detection - INFO - [app.py:52] - Application startup
2025-03-21 11:23:28,126 - deepfake_detection - INFO - [app.py:57] - User admin accessing dashboard
2025-03-21 11:23:28,139 - deepfake_detection - INFO - [dashboard.py:28] - Loading dashboard for user: admin
2025-03-21 11:23:34,606 - deepfake_detection - INFO - [database.py:19] - Initializing database
2025-03-21 11:23:34,614 - deepfake_detection - INFO - [database.py:60] - Admin user already exists
2025-03-21 11:23:34,681 - deepfake_detection - INFO - [database.py:63] - Database initialization completed successfully
2025-03-21 11:23:34,778 - deepfake_detection - INFO - [app.py:52] - Application startup
2025-03-21 11:23:34,822 - deepfake_detection - INFO - [app.py:57] - User admin accessing dashboard
2025-03-21 11:23:34,833 - deepfake_detection - INFO - [dashboard.py:28] - Loading dashboard for user: admin
2025-03-21 12:46:59,552 - deepfake_detection - INFO - [database.py:19] - Initializing database
2025-03-21 12:46:59,577 - deepfake_detection - INFO - [database.py:60] - Admin user already exists
2025-03-21 12:46:59,593 - deepfake_detection - INFO - [database.py:63] - Database initialization completed successfully
2025-03-21 12:46:59,699 - deepfake_detection - INFO - [app.py:52] - Application startup
2025-03-21 12:46:59,732 - deepfake_detection - INFO - [app.py:61] - Rendering home page
2025-03-21 12:46:59,748 - deepfake_detection - INFO - [home.py:12] - Rendering home page
2025-03-21 12:47:46,665 - deepfake_detection - INFO - [database.py:19] - Initializing database
2025-03-21 12:47:46,680 - deepfake_detection - INFO - [database.py:60] - Admin user already exists
2025-03-21 12:47:46,680 - deepfake_detection - INFO - [database.py:63] - Database initialization completed successfully
2025-03-21 12:47:46,722 - deepfake_detection - INFO - [app.py:52] - Application startup
2025-03-21 12:47:46,811 - deepfake_detection - INFO - [app.py:61] - Rendering home page
2025-03-21 12:47:46,847 - deepfake_detection - INFO - [home.py:12] - Rendering home page
2025-03-21 12:47:46,955 - deepfake_detection - INFO - [home.py:31] - User clicked login button, redirecting to login page
2025-03-21 12:47:47,068 - deepfake_detection - INFO - [database.py:19] - Initializing database
2025-03-21 12:47:47,579 - deepfake_detection - INFO - [database.py:60] - Admin user already exists
2025-03-21 12:47:47,629 - deepfake_detection - INFO - [database.py:63] - Database initialization completed successfully
2025-03-21 12:47:47,662 - deepfake_detection - INFO - [app.py:52] - Application startup
2025-03-21 12:47:47,687 - deepfake_detection - INFO - [app.py:64] - Rendering login page
2025-03-21 12:48:07,334 - deepfake_detection - INFO - [database.py:19] - Initializing database
2025-03-21 12:48:07,352 - deepfake_detection - INFO - [database.py:60] - Admin user already exists
2025-03-21 12:48:07,360 - deepfake_detection - INFO - [database.py:63] - Database initialization completed successfully
2025-03-21 12:48:07,379 - deepfake_detection - INFO - [app.py:52] - Application startup
2025-03-21 12:48:07,421 - deepfake_detection - INFO - [app.py:64] - Rendering login page
2025-03-21 12:48:10,000 - deepfake_detection - INFO - [database.py:19] - Initializing database
2025-03-21 12:48:10,011 - deepfake_detection - INFO - [database.py:60] - Admin user already exists
2025-03-21 12:48:10,021 - deepfake_detection - INFO - [database.py:63] - Database initialization completed successfully
2025-03-21 12:48:10,053 - deepfake_detection - INFO - [app.py:52] - Application startup
2025-03-21 12:48:10,075 - deepfake_detection - INFO - [app.py:67] - Rendering register page
2025-03-21 12:48:28,427 - deepfake_detection - INFO - [database.py:19] - Initializing database
2025-03-21 12:48:28,457 - deepfake_detection - INFO - [database.py:60] - Admin user already exists
2025-03-21 12:48:28,460 - deepfake_detection - INFO - [database.py:63] - Database initialization completed successfully
2025-03-21 12:48:28,492 - deepfake_detection - INFO - [app.py:52] - Application startup
2025-03-21 12:48:28,540 - deepfake_detection - INFO - [app.py:67] - Rendering register page
2025-03-21 12:48:28,778 - deepfake_detection - WARNING - [register.py:133] - Registration attempt with missing required fields
2025-03-21 12:48:46,277 - deepfake_detection - INFO - [database.py:19] - Initializing database
2025-03-21 12:48:46,293 - deepfake_detection - INFO - [database.py:60] - Admin user already exists
2025-03-21 12:48:46,301 - deepfake_detection - INFO - [database.py:63] - Database initialization completed successfully
2025-03-21 12:48:46,330 - deepfake_detection - INFO - [app.py:52] - Application startup
2025-03-21 12:48:46,370 - deepfake_detection - INFO - [app.py:67] - Rendering register page
2025-03-21 12:48:46,532 - deepfake_detection - WARNING - [utils.py:71] - Password too short
2025-03-21 12:48:46,591 - deepfake_detection - WARNING - [register.py:108] - Registration failed: Weak password for test1
2025-03-21 12:49:19,427 - deepfake_detection - INFO - [database.py:19] - Initializing database
2025-03-21 12:49:19,444 - deepfake_detection - INFO - [database.py:60] - Admin user already exists
2025-03-21 12:49:19,463 - deepfake_detection - INFO - [database.py:63] - Database initialization completed successfully
2025-03-21 12:49:19,502 - deepfake_detection - INFO - [app.py:52] - Application startup
2025-03-21 12:49:19,572 - deepfake_detection - INFO - [app.py:67] - Rendering register page
2025-03-21 12:49:19,833 - deepfake_detection - WARNING - [utils.py:27] - Invalid email format: bnhttn
2025-03-21 12:49:19,865 - deepfake_detection - WARNING - [register.py:114] - Registration failed: Invalid email format - bnhttn
2025-03-21 12:49:35,178 - deepfake_detection - INFO - [database.py:19] - Initializing database
2025-03-21 12:49:35,203 - deepfake_detection - INFO - [database.py:60] - Admin user already exists
2025-03-21 12:49:35,203 - deepfake_detection - INFO - [database.py:63] - Database initialization completed successfully
2025-03-21 12:49:35,254 - deepfake_detection - INFO - [app.py:52] - Application startup
2025-03-21 12:49:35,286 - deepfake_detection - INFO - [app.py:67] - Rendering register page
2025-03-21 12:49:35,896 - deepfake_detection - INFO - [database.py:19] - Initializing database
2025-03-21 12:49:35,912 - deepfake_detection - INFO - [database.py:60] - Admin user already exists
2025-03-21 12:49:35,912 - deepfake_detection - INFO - [database.py:63] - Database initialization completed successfully
2025-03-21 12:49:35,953 - deepfake_detection - INFO - [app.py:52] - Application startup
2025-03-21 12:49:36,005 - deepfake_detection - INFO - [app.py:64] - Rendering login page
2025-03-21 12:50:31,109 - deepfake_detection - INFO - [database.py:19] - Initializing database
2025-03-21 12:50:31,127 - deepfake_detection - INFO - [database.py:60] - Admin user already exists
2025-03-21 12:50:31,135 - deepfake_detection - INFO - [database.py:63] - Database initialization completed successfully
2025-03-21 12:50:31,160 - deepfake_detection - INFO - [app.py:52] - Application startup
2025-03-21 12:50:31,234 - deepfake_detection - INFO - [app.py:64] - Rendering login page
2025-03-21 12:50:31,576 - deepfake_detection - INFO - [database.py:131] - Login attempt for user: admin
2025-03-21 12:50:31,584 - deepfake_detection - INFO - [database.py:156] - Successful login for user: admin
2025-03-21 12:50:31,600 - deepfake_detection - INFO - [login.py:162] - User admin logged in successfully
2025-03-21 12:50:32,693 - deepfake_detection - INFO - [database.py:19] - Initializing database
2025-03-21 12:50:32,693 - deepfake_detection - INFO - [database.py:60] - Admin user already exists
2025-03-21 12:50:32,710 - deepfake_detection - INFO - [database.py:63] - Database initialization completed successfully
2025-03-21 12:50:32,749 - deepfake_detection - INFO - [app.py:52] - Application startup
2025-03-21 12:50:32,829 - deepfake_detection - INFO - [app.py:57] - User admin accessing dashboard
2025-03-21 12:50:32,884 - deepfake_detection - INFO - [dashboard.py:28] - Loading dashboard for user: admin
2025-03-21 12:51:11,222 - deepfake_detection - INFO - [database.py:19] - Initializing database
2025-03-21 12:51:11,231 - deepfake_detection - INFO - [database.py:60] - Admin user already exists
2025-03-21 12:51:11,239 - deepfake_detection - INFO - [database.py:63] - Database initialization completed successfully
2025-03-21 12:51:11,278 - deepfake_detection - INFO - [app.py:52] - Application startup
2025-03-21 12:51:11,307 - deepfake_detection - INFO - [app.py:57] - User admin accessing dashboard
2025-03-21 12:51:11,334 - deepfake_detection - INFO - [dashboard.py:28] - Loading dashboard for user: admin
2025-03-21 12:51:13,031 - deepfake_detection - INFO - [database.py:19] - Initializing database
2025-03-21 12:51:13,040 - deepfake_detection - INFO - [database.py:60] - Admin user already exists
2025-03-21 12:51:13,057 - deepfake_detection - INFO - [database.py:63] - Database initialization completed successfully
2025-03-21 12:51:13,106 - deepfake_detection - INFO - [app.py:52] - Application startup
2025-03-21 12:51:13,143 - deepfake_detection - INFO - [app.py:57] - User admin accessing dashboard
2025-03-21 12:51:13,156 - deepfake_detection - INFO - [dashboard.py:28] - Loading dashboard for user: admin
2025-03-21 12:51:13,671 - deepfake_detection - INFO - [database.py:191] - Retrieving stats for user: admin
2025-03-21 12:51:13,772 - deepfake_detection - INFO - [database.py:224] - Retrieving recent activity for user: admin
2025-03-21 12:51:42,977 - deepfake_detection - INFO - [database.py:19] - Initializing database
2025-03-21 12:51:42,993 - deepfake_detection - INFO - [database.py:60] - Admin user already exists
2025-03-21 12:51:43,001 - deepfake_detection - INFO - [database.py:63] - Database initialization completed successfully
2025-03-21 12:51:43,025 - deepfake_detection - INFO - [app.py:52] - Application startup
2025-03-21 12:51:43,076 - deepfake_detection - INFO - [app.py:57] - User admin accessing dashboard
2025-03-21 12:51:43,084 - deepfake_detection - INFO - [dashboard.py:28] - Loading dashboard for user: admin
2025-03-21 12:51:57,356 - deepfake_detection - INFO - [database.py:19] - Initializing database
2025-03-21 12:51:57,473 - deepfake_detection - INFO - [database.py:60] - Admin user already exists
2025-03-21 12:51:57,564 - deepfake_detection - INFO - [database.py:63] - Database initialization completed successfully
2025-03-21 12:51:57,611 - deepfake_detection - INFO - [app.py:52] - Application startup
2025-03-21 12:51:57,650 - deepfake_detection - INFO - [app.py:57] - User admin accessing dashboard
2025-03-21 12:51:57,672 - deepfake_detection - INFO - [dashboard.py:28] - Loading dashboard for user: admin
2025-03-21 12:52:00,827 - deepfake_detection - INFO - [database.py:19] - Initializing database
2025-03-21 12:52:00,842 - deepfake_detection - INFO - [database.py:60] - Admin user already exists
2025-03-21 12:52:00,842 - deepfake_detection - INFO - [database.py:63] - Database initialization completed successfully
2025-03-21 12:52:00,879 - deepfake_detection - INFO - [app.py:52] - Application startup
2025-03-21 12:52:00,909 - deepfake_detection - INFO - [app.py:57] - User admin accessing dashboard
2025-03-21 12:52:00,928 - deepfake_detection - INFO - [dashboard.py:28] - Loading dashboard for user: admin
2025-03-21 12:52:01,501 - deepfake_detection - INFO - [image_processing.py:35] - Image classified as real with confidence 0.91
2025-03-21 12:52:01,508 - deepfake_detection - INFO - [database.py:173] - Logging activity for user admin: Image analysis
2025-03-21 12:52:15,579 - deepfake_detection - INFO - [database.py:19] - Initializing database
2025-03-21 12:52:15,605 - deepfake_detection - INFO - [database.py:60] - Admin user already exists
2025-03-21 12:52:15,613 - deepfake_detection - INFO - [database.py:63] - Database initialization completed successfully
2025-03-21 12:52:15,645 - deepfake_detection - INFO - [app.py:52] - Application startup
2025-03-21 12:52:15,671 - deepfake_detection - INFO - [app.py:57] - User admin accessing dashboard
2025-03-21 12:52:15,734 - deepfake_detection - INFO - [dashboard.py:28] - Loading dashboard for user: admin
2025-03-21 12:52:32,033 - deepfake_detection - INFO - [database.py:19] - Initializing database
2025-03-21 12:52:32,055 - deepfake_detection - INFO - [database.py:60] - Admin user already exists
2025-03-21 12:52:32,064 - deepfake_detection - INFO - [database.py:63] - Database initialization completed successfully
2025-03-21 12:52:32,096 - deepfake_detection - INFO - [app.py:52] - Application startup
2025-03-21 12:52:32,136 - deepfake_detection - INFO - [app.py:57] - User admin accessing dashboard
2025-03-21 12:52:32,183 - deepfake_detection - INFO - [dashboard.py:28] - Loading dashboard for user: admin
2025-03-21 12:52:35,243 - deepfake_detection - INFO - [database.py:19] - Initializing database
2025-03-21 12:52:35,249 - deepfake_detection - INFO - [database.py:60] - Admin user already exists
2025-03-21 12:52:35,249 - deepfake_detection - INFO - [database.py:63] - Database initialization completed successfully
2025-03-21 12:52:35,270 - deepfake_detection - INFO - [app.py:52] - Application startup
2025-03-21 12:52:35,289 - deepfake_detection - INFO - [app.py:57] - User admin accessing dashboard
2025-03-21 12:52:35,320 - deepfake_detection - INFO - [dashboard.py:28] - Loading dashboard for user: admin
2025-03-21 12:53:28,677 - deepfake_detection - INFO - [database.py:173] - Logging activity for user admin: Video analysis
2025-03-21 12:53:35,197 - deepfake_detection - INFO - [database.py:19] - Initializing database
2025-03-21 12:53:35,221 - deepfake_detection - INFO - [database.py:60] - Admin user already exists
2025-03-21 12:53:35,221 - deepfake_detection - INFO - [database.py:63] - Database initialization completed successfully
2025-03-21 12:53:35,253 - deepfake_detection - INFO - [app.py:52] - Application startup
2025-03-21 12:53:35,288 - deepfake_detection - INFO - [app.py:57] - User admin accessing dashboard
2025-03-21 12:53:35,305 - deepfake_detection - INFO - [dashboard.py:28] - Loading dashboard for user: admin
2025-03-21 12:53:45,731 - deepfake_detection - INFO - [database.py:19] - Initializing database
2025-03-21 12:53:45,746 - deepfake_detection - INFO - [database.py:60] - Admin user already exists
2025-03-21 12:53:45,761 - deepfake_detection - INFO - [database.py:63] - Database initialization completed successfully
2025-03-21 12:53:45,862 - deepfake_detection - INFO - [app.py:52] - Application startup
2025-03-21 12:53:45,914 - deepfake_detection - INFO - [app.py:57] - User admin accessing dashboard
2025-03-21 12:53:45,965 - deepfake_detection - INFO - [dashboard.py:28] - Loading dashboard for user: admin
2025-03-21 12:53:46,737 - deepfake_detection - INFO - [database.py:19] - Initializing database
2025-03-21 12:53:46,754 - deepfake_detection - INFO - [database.py:60] - Admin user already exists
2025-03-21 12:53:46,818 - deepfake_detection - INFO - [database.py:63] - Database initialization completed successfully
2025-03-21 12:53:47,013 - deepfake_detection - INFO - [app.py:52] - Application startup
2025-03-21 12:53:47,049 - deepfake_detection - INFO - [app.py:57] - User admin accessing dashboard
2025-03-21 12:53:47,066 - deepfake_detection - INFO - [dashboard.py:28] - Loading dashboard for user: admin
2025-03-21 12:54:19,018 - deepfake_detection - INFO - [database.py:19] - Initializing database
2025-03-21 12:54:19,050 - deepfake_detection - INFO - [database.py:60] - Admin user already exists
2025-03-21 12:54:19,064 - deepfake_detection - INFO - [database.py:63] - Database initialization completed successfully
2025-03-21 12:54:19,098 - deepfake_detection - INFO - [app.py:52] - Application startup
2025-03-21 12:54:19,152 - deepfake_detection - INFO - [app.py:57] - User admin accessing dashboard
2025-03-21 12:54:19,163 - deepfake_detection - INFO - [dashboard.py:28] - Loading dashboard for user: admin
2025-03-21 12:54:23,627 - deepfake_detection - INFO - [database.py:19] - Initializing database
2025-03-21 12:54:23,642 - deepfake_detection - INFO - [database.py:60] - Admin user already exists
2025-03-21 12:54:23,659 - deepfake_detection - INFO - [database.py:63] - Database initialization completed successfully
2025-03-21 12:54:23,700 - deepfake_detection - INFO - [app.py:52] - Application startup
2025-03-21 12:54:23,732 - deepfake_detection - INFO - [app.py:57] - User admin accessing dashboard
2025-03-21 12:54:23,742 - deepfake_detection - INFO - [dashboard.py:28] - Loading dashboard for user: admin
2025-03-21 12:54:37,534 - deepfake_detection - INFO - [database.py:19] - Initializing database
2025-03-21 12:54:37,547 - deepfake_detection - INFO - [database.py:60] - Admin user already exists
2025-03-21 12:54:37,563 - deepfake_detection - INFO - [database.py:63] - Database initialization completed successfully
2025-03-21 12:54:37,612 - deepfake_detection - INFO - [app.py:52] - Application startup
2025-03-21 12:54:37,671 - deepfake_detection - INFO - [app.py:57] - User admin accessing dashboard
2025-03-21 12:54:37,682 - deepfake_detection - INFO - [dashboard.py:28] - Loading dashboard for user: admin
2025-03-21 12:54:45,347 - deepfake_detection - INFO - [database.py:19] - Initializing database
2025-03-21 12:54:45,355 - deepfake_detection - INFO - [database.py:60] - Admin user already exists
2025-03-21 12:54:45,355 - deepfake_detection - INFO - [database.py:63] - Database initialization completed successfully
2025-03-21 12:54:45,396 - deepfake_detection - INFO - [app.py:52] - Application startup
2025-03-21 12:54:45,422 - deepfake_detection - INFO - [app.py:57] - User admin accessing dashboard
2025-03-21 12:54:45,466 - deepfake_detection - INFO - [dashboard.py:28] - Loading dashboard for user: admin
2025-03-21 12:55:39,947 - deepfake_detection - INFO - [database.py:19] - Initializing database
2025-03-21 12:55:39,956 - deepfake_detection - INFO - [database.py:60] - Admin user already exists
2025-03-21 12:55:39,964 - deepfake_detection - INFO - [database.py:63] - Database initialization completed successfully
2025-03-21 12:55:39,996 - deepfake_detection - INFO - [app.py:52] - Application startup
2025-03-21 12:55:40,021 - deepfake_detection - INFO - [app.py:57] - User admin accessing dashboard
2025-03-21 12:55:40,029 - deepfake_detection - INFO - [dashboard.py:28] - Loading dashboard for user: admin
2025-03-21 12:55:50,888 - deepfake_detection - INFO - [database.py:19] - Initializing database
2025-03-21 12:55:50,895 - deepfake_detection - INFO - [database.py:60] - Admin user already exists
2025-03-21 12:55:50,910 - deepfake_detection - INFO - [database.py:63] - Database initialization completed successfully
2025-03-21 12:55:50,952 - deepfake_detection - INFO - [app.py:52] - Application startup
2025-03-21 12:55:50,977 - deepfake_detection - INFO - [app.py:57] - User admin accessing dashboard
2025-03-21 12:55:51,000 - deepfake_detection - INFO - [dashboard.py:28] - Loading dashboard for user: admin
2025-03-21 12:55:58,978 - deepfake_detection - INFO - [database.py:19] - Initializing database
2025-03-21 12:55:58,978 - deepfake_detection - INFO - [database.py:60] - Admin user already exists
2025-03-21 12:55:58,986 - deepfake_detection - INFO - [database.py:63] - Database initialization completed successfully
2025-03-21 12:55:58,986 - deepfake_detection - INFO - [app.py:52] - Application startup
2025-03-21 12:55:59,001 - deepfake_detection - INFO - [app.py:57] - User admin accessing dashboard
2025-03-21 12:55:59,001 - deepfake_detection - INFO - [dashboard.py:28] - Loading dashboard for user: admin
2025-03-21 12:56:04,015 - deepfake_detection - INFO - [database.py:19] - Initializing database
2025-03-21 12:56:04,025 - deepfake_detection - INFO - [database.py:60] - Admin user already exists
2025-03-21 12:56:04,031 - deepfake_detection - INFO - [database.py:63] - Database initialization completed successfully
2025-03-21 12:56:04,089 - deepfake_detection - INFO - [app.py:52] - Application startup
2025-03-21 12:56:04,115 - deepfake_detection - INFO - [app.py:57] - User admin accessing dashboard
2025-03-21 12:56:04,127 - deepfake_detection - INFO - [dashboard.py:28] - Loading dashboard for user: admin
2025-03-21 12:58:53,929 - deepfake_detection - INFO - [database.py:19] - Initializing database
2025-03-21 12:58:53,961 - deepfake_detection - INFO - [database.py:60] - Admin user already exists
2025-03-21 12:58:54,145 - deepfake_detection - INFO - [database.py:63] - Database initialization completed successfully
2025-03-21 12:58:54,399 - deepfake_detection - INFO - [app.py:52] - Application startup
2025-03-21 12:58:54,699 - deepfake_detection - INFO - [app.py:61] - Rendering home page
2025-03-21 12:58:55,014 - deepfake_detection - INFO - [home.py:12] - Rendering home page
2025-03-21 12:58:58,661 - deepfake_detection - INFO - [database.py:19] - Initializing database
2025-03-21 12:58:58,676 - deepfake_detection - INFO - [database.py:60] - Admin user already exists
2025-03-21 12:58:58,676 - deepfake_detection - INFO - [database.py:63] - Database initialization completed successfully
2025-03-21 12:58:58,742 - deepfake_detection - INFO - [app.py:52] - Application startup
2025-03-21 12:58:58,793 - deepfake_detection - INFO - [app.py:61] - Rendering home page
2025-03-21 12:58:58,812 - deepfake_detection - INFO - [home.py:12] - Rendering home page
2025-03-21 12:58:58,861 - deepfake_detection - INFO - [home.py:31] - User clicked login button, redirecting to login page
2025-03-21 12:58:59,527 - deepfake_detection - INFO - [database.py:19] - Initializing database
2025-03-21 12:58:59,535 - deepfake_detection - INFO - [database.py:60] - Admin user already exists
2025-03-21 12:58:59,543 - deepfake_detection - INFO - [database.py:63] - Database initialization completed successfully
2025-03-21 12:58:59,609 - deepfake_detection - INFO - [app.py:52] - Application startup
2025-03-21 12:58:59,631 - deepfake_detection - INFO - [app.py:64] - Rendering login page
2025-03-21 12:59:00,112 - deepfake_detection - INFO - [database.py:19] - Initializing database
2025-03-21 12:59:00,145 - deepfake_detection - INFO - [database.py:60] - Admin user already exists
2025-03-21 12:59:00,145 - deepfake_detection - INFO - [database.py:63] - Database initialization completed successfully
2025-03-21 12:59:00,170 - deepfake_detection - INFO - [app.py:52] - Application startup
2025-03-21 12:59:00,202 - deepfake_detection - INFO - [app.py:64] - Rendering login page
2025-03-21 12:59:01,592 - deepfake_detection - INFO - [database.py:19] - Initializing database
2025-03-21 12:59:01,608 - deepfake_detection - INFO - [database.py:60] - Admin user already exists
2025-03-21 12:59:01,617 - deepfake_detection - INFO - [database.py:63] - Database initialization completed successfully
2025-03-21 12:59:01,639 - deepfake_detection - INFO - [app.py:52] - Application startup
2025-03-21 12:59:01,649 - deepfake_detection - INFO - [app.py:64] - Rendering login page
2025-03-21 13:02:15,127 - deepfake_detection - INFO - [database.py:19] - Initializing database
2025-03-21 13:02:15,136 - deepfake_detection - INFO - [database.py:60] - Admin user already exists
2025-03-21 13:02:15,144 - deepfake_detection - INFO - [database.py:63] - Database initialization completed successfully
2025-03-21 13:02:15,158 - deepfake_detection - INFO - [app.py:52] - Application startup
2025-03-21 13:02:15,171 - deepfake_detection - INFO - [app.py:61] - Rendering home page
2025-03-21 13:02:15,173 - deepfake_detection - INFO - [home.py:12] - Rendering home page
2025-03-21 13:03:06,421 - deepfake_detection - INFO - [database.py:19] - Initializing database
2025-03-21 13:03:06,428 - deepfake_detection - INFO - [database.py:60] - Admin user already exists
2025-03-21 13:03:06,437 - deepfake_detection - INFO - [database.py:63] - Database initialization completed successfully
2025-03-21 13:03:06,462 - deepfake_detection - INFO - [app.py:52] - Application startup
2025-03-21 13:03:06,477 - deepfake_detection - INFO - [app.py:61] - Rendering home page
2025-03-21 13:03:06,477 - deepfake_detection - INFO - [home.py:12] - Rendering home page
2025-03-21 13:03:06,522 - deepfake_detection - INFO - [home.py:31] - User clicked login button, redirecting to login page
2025-03-21 13:04:55,679 - deepfake_detection - INFO - [database.py:19] - Initializing database
2025-03-21 13:04:55,688 - deepfake_detection - INFO - [database.py:60] - Admin user already exists
2025-03-21 13:04:55,688 - deepfake_detection - INFO - [database.py:63] - Database initialization completed successfully
2025-03-21 13:04:55,740 - deepfake_detection - INFO - [app.py:52] - Application startup
2025-03-21 13:04:55,764 - deepfake_detection - INFO - [app.py:61] - Rendering home page
2025-03-21 13:04:55,778 - deepfake_detection - INFO - [home.py:12] - Rendering home page
2025-03-21 13:05:05,405 - deepfake_detection - INFO - [database.py:19] - Initializing database
2025-03-21 13:05:05,405 - deepfake_detection - INFO - [database.py:60] - Admin user already exists
2025-03-21 13:05:05,421 - deepfake_detection - INFO - [database.py:63] - Database initialization completed successfully
2025-03-21 13:05:05,441 - deepfake_detection - INFO - [app.py:52] - Application startup
2025-03-21 13:05:05,500 - deepfake_detection - INFO - [app.py:61] - Rendering home page
2025-03-21 13:05:05,510 - deepfake_detection - INFO - [home.py:12] - Rendering home page
2025-03-21 13:05:05,585 - deepfake_detection - INFO - [home.py:31] - User clicked login button, redirecting to login page
2025-03-21 13:05:11,479 - deepfake_detection - INFO - [database.py:19] - Initializing database
2025-03-21 13:05:11,497 - deepfake_detection - INFO - [database.py:60] - Admin user already exists
2025-03-21 13:05:11,504 - deepfake_detection - INFO - [database.py:63] - Database initialization completed successfully
2025-03-21 13:05:11,520 - deepfake_detection - INFO - [app.py:52] - Application startup
2025-03-21 13:05:11,564 - deepfake_detection - INFO - [app.py:64] - Rendering login page
2025-03-21 13:05:12,053 - deepfake_detection - INFO - [database.py:19] - Initializing database
2025-03-21 13:05:12,087 - deepfake_detection - INFO - [database.py:60] - Admin user already exists
2025-03-21 13:05:12,120 - deepfake_detection - INFO - [database.py:63] - Database initialization completed successfully
2025-03-21 13:05:12,174 - deepfake_detection - INFO - [app.py:52] - Application startup
2025-03-21 13:05:12,187 - deepfake_detection - INFO - [app.py:64] - Rendering login page
2025-03-21 13:05:18,998 - deepfake_detection - INFO - [database.py:19] - Initializing database
2025-03-21 13:05:19,031 - deepfake_detection - INFO - [database.py:60] - Admin user already exists
2025-03-21 13:05:19,049 - deepfake_detection - INFO - [database.py:63] - Database initialization completed successfully
2025-03-21 13:05:19,080 - deepfake_detection - INFO - [app.py:52] - Application startup
2025-03-21 13:05:19,121 - deepfake_detection - INFO - [app.py:64] - Rendering login page
2025-03-21 13:05:19,189 - deepfake_detection - INFO - [database.py:19] - Initializing database
2025-03-21 13:05:20,008 - deepfake_detection - INFO - [database.py:60] - Admin user already exists
2025-03-21 13:05:20,063 - deepfake_detection - INFO - [database.py:63] - Database initialization completed successfully
2025-03-21 13:05:20,149 - deepfake_detection - INFO - [app.py:52] - Application startup
2025-03-21 13:05:20,174 - deepfake_detection - INFO - [app.py:64] - Rendering login page
2025-03-21 13:05:20,298 - deepfake_detection - INFO - [database.py:131] - Login attempt for user: admin
2025-03-21 13:05:20,313 - deepfake_detection - INFO - [database.py:156] - Successful login for user: admin
2025-03-21 13:05:20,331 - deepfake_detection - INFO - [login.py:162] - User admin logged in successfully
2025-03-21 13:05:22,561 - deepfake_detection - INFO - [database.py:19] - Initializing database
2025-03-21 13:05:22,582 - deepfake_detection - INFO - [database.py:60] - Admin user already exists
2025-03-21 13:05:22,593 - deepfake_detection - INFO - [database.py:63] - Database initialization completed successfully
2025-03-21 13:05:22,609 - deepfake_detection - INFO - [app.py:52] - Application startup
2025-03-21 13:05:22,636 - deepfake_detection - INFO - [app.py:57] - User admin accessing dashboard
2025-03-21 13:05:22,670 - deepfake_detection - INFO - [dashboard.py:28] - Loading dashboard for user: admin
2025-03-21 13:05:33,037 - deepfake_detection - INFO - [database.py:19] - Initializing database
2025-03-21 13:05:33,050 - deepfake_detection - INFO - [database.py:60] - Admin user already exists
2025-03-21 13:05:33,050 - deepfake_detection - INFO - [database.py:63] - Database initialization completed successfully
2025-03-21 13:05:33,088 - deepfake_detection - INFO - [app.py:52] - Application startup
2025-03-21 13:05:33,105 - deepfake_detection - INFO - [app.py:57] - User admin accessing dashboard
2025-03-21 13:05:33,117 - deepfake_detection - INFO - [dashboard.py:28] - Loading dashboard for user: admin
2025-03-21 13:05:33,635 - deepfake_detection - INFO - [database.py:19] - Initializing database
2025-03-21 13:05:33,645 - deepfake_detection - INFO - [database.py:60] - Admin user already exists
2025-03-21 13:05:33,645 - deepfake_detection - INFO - [database.py:63] - Database initialization completed successfully
2025-03-21 13:05:33,693 - deepfake_detection - INFO - [app.py:52] - Application startup
2025-03-21 13:05:33,717 - deepfake_detection - INFO - [app.py:57] - User admin accessing dashboard
2025-03-21 13:05:33,725 - deepfake_detection - INFO - [dashboard.py:28] - Loading dashboard for user: admin
2025-03-21 13:55:38,360 - deepfake_detection - INFO - [database.py:19] - Initializing database
2025-03-21 13:55:38,370 - deepfake_detection - INFO - [database.py:60] - Admin user already exists
2025-03-21 13:55:38,370 - deepfake_detection - INFO - [database.py:63] - Database initialization completed successfully
2025-03-21 13:55:38,407 - deepfake_detection - INFO - [app.py:52] - Application startup
2025-03-21 13:55:38,478 - deepfake_detection - INFO - [app.py:61] - Rendering home page
2025-03-21 13:55:38,505 - deepfake_detection - INFO - [home.py:12] - Rendering home page
2025-03-21 14:06:17,353 - deepfake_detection - INFO - [database.py:19] - Initializing database
2025-03-21 14:06:17,364 - deepfake_detection - INFO - [database.py:60] - Admin user already exists
2025-03-21 14:06:17,367 - deepfake_detection - INFO - [database.py:63] - Database initialization completed successfully
2025-03-21 14:06:17,374 - deepfake_detection - INFO - [app.py:52] - Application startup
2025-03-21 14:06:17,379 - deepfake_detection - INFO - [app.py:61] - Rendering home page
2025-03-21 14:06:17,388 - deepfake_detection - INFO - [home.py:12] - Rendering home page
2025-03-21 15:40:37,224 - deepfake_detection - INFO - [database.py:19] - Initializing database
2025-03-21 15:40:37,338 - deepfake_detection - INFO - [database.py:60] - Admin user already exists
2025-03-21 15:40:37,346 - deepfake_detection - INFO - [database.py:63] - Database initialization completed successfully
2025-03-21 15:40:37,548 - deepfake_detection - INFO - [app.py:52] - Application startup
2025-03-21 15:40:37,580 - deepfake_detection - INFO - [app.py:61] - Rendering home page
2025-03-21 15:40:37,588 - deepfake_detection - INFO - [home.py:12] - Rendering home page
2025-03-21 15:40:59,172 - deepfake_detection - INFO - [database.py:19] - Initializing database
2025-03-21 15:40:59,185 - deepfake_detection - INFO - [database.py:60] - Admin user already exists
2025-03-21 15:40:59,193 - deepfake_detection - INFO - [database.py:63] - Database initialization completed successfully
2025-03-21 15:40:59,217 - deepfake_detection - INFO - [app.py:52] - Application startup
2025-03-21 15:40:59,244 - deepfake_detection - INFO - [app.py:61] - Rendering home page
2025-03-21 15:40:59,252 - deepfake_detection - INFO - [home.py:12] - Rendering home page
2025-03-21 15:40:59,405 - deepfake_detection - INFO - [home.py:31] - User clicked login button, redirecting to login page
2025-03-21 15:40:59,951 - deepfake_detection - INFO - [database.py:19] - Initializing database
2025-03-21 15:41:00,045 - deepfake_detection - INFO - [database.py:60] - Admin user already exists
2025-03-21 15:41:00,101 - deepfake_detection - INFO - [database.py:63] - Database initialization completed successfully
2025-03-21 15:41:00,299 - deepfake_detection - INFO - [app.py:52] - Application startup
2025-03-21 15:41:00,434 - deepfake_detection - INFO - [app.py:64] - Rendering login page
2025-03-21 15:41:05,853 - deepfake_detection - INFO - [database.py:19] - Initializing database
2025-03-21 15:41:05,953 - deepfake_detection - INFO - [database.py:60] - Admin user already exists
2025-03-21 15:41:05,977 - deepfake_detection - INFO - [database.py:63] - Database initialization completed successfully
2025-03-21 15:41:06,049 - deepfake_detection - INFO - [app.py:52] - Application startup
2025-03-21 15:41:06,066 - deepfake_detection - INFO - [app.py:61] - Rendering home page
2025-03-21 15:41:06,075 - deepfake_detection - INFO - [home.py:12] - Rendering home page
