2025-03-18 18:23:08,158 - deepfake_detection - INFO - [database.py:19] - Initializing database
2025-03-18 18:23:08,161 - deepfake_detection - INFO - [database.py:19] - Initializing database
2025-03-18 18:23:08,296 - deepfake_detection - INFO - [database.py:60] - Admin user already exists
2025-03-18 18:23:08,297 - deepfake_detection - INFO - [database.py:63] - Database initialization completed successfully
2025-03-18 18:23:08,310 - deepfake_detection - INFO - [database.py:60] - Admin user already exists
2025-03-18 18:23:08,312 - deepfake_detection - INFO - [database.py:63] - Database initialization completed successfully
2025-03-18 18:23:08,381 - deepfake_detection - INFO - [app.py:59] - Application startup
2025-03-18 18:23:08,381 - deepfake_detection - INFO - [app.py:59] - Application startup
2025-03-18 18:23:08,396 - deepfake_detection - INFO - [app.py:68] - Rendering home page
2025-03-18 18:23:08,397 - deepfake_detection - INFO - [app.py:68] - Rendering home page
2025-03-18 18:23:08,399 - deepfake_detection - INFO - [home.py:12] - Rendering home page
2025-03-18 18:23:08,402 - deepfake_detection - INFO - [home.py:12] - Rendering home page
2025-03-18 18:23:14,613 - deepfake_detection - INFO - [database.py:19] - Initializing database
2025-03-18 18:23:14,621 - deepfake_detection - INFO - [database.py:60] - Admin user already exists
2025-03-18 18:23:14,626 - deepfake_detection - INFO - [database.py:63] - Database initialization completed successfully
2025-03-18 18:23:14,634 - deepfake_detection - INFO - [app.py:59] - Application startup
2025-03-18 18:23:14,651 - deepfake_detection - INFO - [app.py:68] - Rendering home page
2025-03-18 18:23:14,668 - deepfake_detection - INFO - [home.py:12] - Rendering home page
2025-03-18 18:23:14,679 - deepfake_detection - INFO - [home.py:31] - User clicked login button, redirecting to login page
2025-03-18 18:23:15,708 - deepfake_detection - INFO - [database.py:19] - Initializing database
2025-03-18 18:23:15,716 - deepfake_detection - INFO - [database.py:60] - Admin user already exists
2025-03-18 18:23:15,724 - deepfake_detection - INFO - [database.py:63] - Database initialization completed successfully
2025-03-18 18:23:15,741 - deepfake_detection - INFO - [app.py:59] - Application startup
2025-03-18 18:23:15,794 - deepfake_detection - INFO - [app.py:71] - Rendering login page
2025-03-18 18:23:21,496 - deepfake_detection - INFO - [database.py:19] - Initializing database
2025-03-18 18:23:21,511 - deepfake_detection - INFO - [database.py:60] - Admin user already exists
2025-03-18 18:23:21,516 - deepfake_detection - INFO - [database.py:63] - Database initialization completed successfully
2025-03-18 18:23:21,532 - deepfake_detection - INFO - [app.py:59] - Application startup
2025-03-18 18:23:21,539 - deepfake_detection - INFO - [app.py:71] - Rendering login page
2025-03-18 18:23:41,452 - deepfake_detection - INFO - [database.py:19] - Initializing database
2025-03-18 18:23:41,452 - deepfake_detection - INFO - [database.py:60] - Admin user already exists
2025-03-18 18:23:41,470 - deepfake_detection - INFO - [database.py:63] - Database initialization completed successfully
2025-03-18 18:23:41,479 - deepfake_detection - INFO - [app.py:59] - Application startup
2025-03-18 18:23:41,487 - deepfake_detection - INFO - [app.py:68] - Rendering home page
2025-03-18 18:23:41,504 - deepfake_detection - INFO - [home.py:12] - Rendering home page
2025-03-18 18:23:44,040 - deepfake_detection - INFO - [database.py:19] - Initializing database
2025-03-18 18:23:44,049 - deepfake_detection - INFO - [database.py:60] - Admin user already exists
2025-03-18 18:23:44,049 - deepfake_detection - INFO - [database.py:63] - Database initialization completed successfully
2025-03-18 18:23:44,099 - deepfake_detection - INFO - [app.py:59] - Application startup
2025-03-18 18:23:44,107 - deepfake_detection - INFO - [app.py:68] - Rendering home page
2025-03-18 18:23:44,110 - deepfake_detection - INFO - [home.py:12] - Rendering home page
2025-03-18 18:23:44,126 - deepfake_detection - INFO - [home.py:31] - User clicked login button, redirecting to login page
2025-03-18 18:23:44,252 - deepfake_detection - INFO - [database.py:19] - Initializing database
2025-03-18 18:23:44,254 - deepfake_detection - INFO - [database.py:60] - Admin user already exists
2025-03-18 18:23:44,255 - deepfake_detection - INFO - [database.py:63] - Database initialization completed successfully
2025-03-18 18:23:44,261 - deepfake_detection - INFO - [app.py:59] - Application startup
2025-03-18 18:23:44,264 - deepfake_detection - INFO - [app.py:71] - Rendering login page
2025-03-18 18:23:44,267 - deepfake_detection - ERROR - [google_auth.py:114] - Error in OAuth callback: st.session_state has no attribute "oauth_state". Did you forget to initialize it? More info: https://docs.streamlit.io/library/advanced-features/session-state#initialization
2025-03-18 18:26:00,914 - deepfake_detection - INFO - [database.py:19] - Initializing database
2025-03-18 18:26:00,916 - deepfake_detection - INFO - [database.py:60] - Admin user already exists
2025-03-18 18:26:00,924 - deepfake_detection - INFO - [database.py:63] - Database initialization completed successfully
2025-03-18 18:26:00,934 - deepfake_detection - INFO - [app.py:59] - Application startup
2025-03-18 18:26:00,948 - deepfake_detection - INFO - [app.py:71] - Rendering login page
2025-03-18 18:26:00,956 - deepfake_detection - ERROR - [google_auth.py:114] - Error in OAuth callback: st.session_state has no attribute "oauth_state". Did you forget to initialize it? More info: https://docs.streamlit.io/library/advanced-features/session-state#initialization
2025-03-18 18:26:03,734 - deepfake_detection - INFO - [database.py:19] - Initializing database
2025-03-18 18:26:03,739 - deepfake_detection - INFO - [database.py:60] - Admin user already exists
2025-03-18 18:26:03,747 - deepfake_detection - INFO - [database.py:63] - Database initialization completed successfully
2025-03-18 18:26:03,762 - deepfake_detection - INFO - [app.py:59] - Application startup
2025-03-18 18:26:03,762 - deepfake_detection - INFO - [app.py:71] - Rendering login page
2025-03-18 18:26:03,778 - deepfake_detection - ERROR - [google_auth.py:114] - Error in OAuth callback: st.session_state has no attribute "oauth_state". Did you forget to initialize it? More info: https://docs.streamlit.io/library/advanced-features/session-state#initialization
2025-03-18 18:26:09,972 - deepfake_detection - INFO - [database.py:19] - Initializing database
2025-03-18 18:26:09,982 - deepfake_detection - INFO - [database.py:60] - Admin user already exists
2025-03-18 18:26:10,014 - deepfake_detection - INFO - [database.py:63] - Database initialization completed successfully
2025-03-18 18:26:10,031 - deepfake_detection - INFO - [app.py:59] - Application startup
2025-03-18 18:26:10,058 - deepfake_detection - INFO - [app.py:68] - Rendering home page
2025-03-18 18:26:10,061 - deepfake_detection - INFO - [home.py:12] - Rendering home page
2025-03-18 18:26:10,079 - deepfake_detection - INFO - [home.py:31] - User clicked login button, redirecting to login page
2025-03-18 18:26:11,498 - deepfake_detection - INFO - [database.py:19] - Initializing database
2025-03-18 18:26:11,512 - deepfake_detection - INFO - [database.py:60] - Admin user already exists
2025-03-18 18:26:11,528 - deepfake_detection - INFO - [database.py:63] - Database initialization completed successfully
2025-03-18 18:26:11,545 - deepfake_detection - INFO - [app.py:59] - Application startup
2025-03-18 18:26:11,545 - deepfake_detection - INFO - [app.py:71] - Rendering login page
2025-03-18 18:26:21,970 - deepfake_detection - INFO - [database.py:19] - Initializing database
2025-03-18 18:26:21,985 - deepfake_detection - INFO - [database.py:60] - Admin user already exists
2025-03-18 18:26:22,000 - deepfake_detection - INFO - [database.py:63] - Database initialization completed successfully
2025-03-18 18:26:22,021 - deepfake_detection - INFO - [app.py:59] - Application startup
2025-03-18 18:26:22,030 - deepfake_detection - INFO - [app.py:71] - Rendering login page
2025-03-18 18:26:22,060 - deepfake_detection - INFO - [database.py:131] - Login attempt for user: admin
2025-03-18 18:26:22,070 - deepfake_detection - INFO - [database.py:156] - Successful login for user: admin
2025-03-18 18:26:22,073 - deepfake_detection - INFO - [login.py:160] - User admin logged in successfully
2025-03-18 18:26:22,937 - deepfake_detection - INFO - [database.py:19] - Initializing database
2025-03-18 18:26:22,939 - deepfake_detection - INFO - [database.py:60] - Admin user already exists
2025-03-18 18:26:22,949 - deepfake_detection - INFO - [database.py:63] - Database initialization completed successfully
2025-03-18 18:26:22,956 - deepfake_detection - INFO - [app.py:59] - Application startup
2025-03-18 18:26:22,963 - deepfake_detection - INFO - [app.py:64] - User admin accessing dashboard
2025-03-18 18:26:22,966 - deepfake_detection - INFO - [dashboard.py:19] - Loading dashboard for user: admin
2025-03-18 18:26:29,075 - deepfake_detection - INFO - [database.py:19] - Initializing database
2025-03-18 18:26:29,083 - deepfake_detection - INFO - [database.py:60] - Admin user already exists
2025-03-18 18:26:29,092 - deepfake_detection - INFO - [database.py:63] - Database initialization completed successfully
2025-03-18 18:26:29,124 - deepfake_detection - INFO - [app.py:59] - Application startup
2025-03-18 18:26:29,141 - deepfake_detection - INFO - [app.py:64] - User admin accessing dashboard
2025-03-18 18:26:29,167 - deepfake_detection - INFO - [dashboard.py:19] - Loading dashboard for user: admin
2025-03-18 18:26:30,091 - deepfake_detection - INFO - [database.py:19] - Initializing database
2025-03-18 18:26:30,106 - deepfake_detection - INFO - [database.py:60] - Admin user already exists
2025-03-18 18:26:30,108 - deepfake_detection - INFO - [database.py:63] - Database initialization completed successfully
2025-03-18 18:26:30,114 - deepfake_detection - INFO - [app.py:59] - Application startup
2025-03-18 18:26:30,124 - deepfake_detection - INFO - [app.py:64] - User admin accessing dashboard
2025-03-18 18:26:30,157 - deepfake_detection - INFO - [dashboard.py:19] - Loading dashboard for user: admin
2025-03-18 18:28:52,495 - deepfake_detection - INFO - [database.py:19] - Initializing database
2025-03-18 18:28:52,495 - deepfake_detection - INFO - [database.py:19] - Initializing database
2025-03-18 18:28:52,497 - deepfake_detection - INFO - [database.py:60] - Admin user already exists
2025-03-18 18:28:52,497 - deepfake_detection - INFO - [database.py:60] - Admin user already exists
2025-03-18 18:28:52,500 - deepfake_detection - INFO - [database.py:63] - Database initialization completed successfully
2025-03-18 18:28:52,500 - deepfake_detection - INFO - [database.py:63] - Database initialization completed successfully
2025-03-18 18:28:52,506 - deepfake_detection - INFO - [app.py:59] - Application startup
2025-03-18 18:28:52,506 - deepfake_detection - INFO - [app.py:59] - Application startup
2025-03-18 18:28:52,510 - deepfake_detection - INFO - [app.py:64] - User admin accessing dashboard
2025-03-18 18:28:52,510 - deepfake_detection - INFO - [app.py:64] - User admin accessing dashboard
2025-03-18 18:28:52,515 - deepfake_detection - INFO - [dashboard.py:19] - Loading dashboard for user: admin
2025-03-18 18:28:52,515 - deepfake_detection - INFO - [dashboard.py:19] - Loading dashboard for user: admin
2025-03-18 18:29:03,254 - deepfake_detection - INFO - [database.py:19] - Initializing database
2025-03-18 18:29:03,254 - deepfake_detection - INFO - [database.py:19] - Initializing database
2025-03-18 18:29:03,280 - deepfake_detection - INFO - [database.py:60] - Admin user already exists
2025-03-18 18:29:03,280 - deepfake_detection - INFO - [database.py:60] - Admin user already exists
2025-03-18 18:29:03,318 - deepfake_detection - INFO - [database.py:63] - Database initialization completed successfully
2025-03-18 18:29:03,318 - deepfake_detection - INFO - [database.py:63] - Database initialization completed successfully
2025-03-18 18:29:03,403 - deepfake_detection - INFO - [app.py:59] - Application startup
2025-03-18 18:29:03,403 - deepfake_detection - INFO - [app.py:59] - Application startup
2025-03-18 18:29:03,408 - deepfake_detection - INFO - [app.py:64] - User admin accessing dashboard
2025-03-18 18:29:03,408 - deepfake_detection - INFO - [app.py:64] - User admin accessing dashboard
2025-03-18 18:29:03,431 - deepfake_detection - INFO - [dashboard.py:19] - Loading dashboard for user: admin
2025-03-18 18:29:03,431 - deepfake_detection - INFO - [dashboard.py:19] - Loading dashboard for user: admin
2025-03-18 18:29:07,144 - deepfake_detection - INFO - [database.py:19] - Initializing database
2025-03-18 18:29:07,144 - deepfake_detection - INFO - [database.py:19] - Initializing database
2025-03-18 18:29:07,165 - deepfake_detection - INFO - [database.py:60] - Admin user already exists
2025-03-18 18:29:07,165 - deepfake_detection - INFO - [database.py:60] - Admin user already exists
2025-03-18 18:29:07,198 - deepfake_detection - INFO - [database.py:63] - Database initialization completed successfully
2025-03-18 18:29:07,198 - deepfake_detection - INFO - [database.py:63] - Database initialization completed successfully
2025-03-18 18:29:07,234 - deepfake_detection - INFO - [app.py:59] - Application startup
2025-03-18 18:29:07,234 - deepfake_detection - INFO - [app.py:59] - Application startup
2025-03-18 18:29:07,234 - deepfake_detection - INFO - [app.py:64] - User admin accessing dashboard
2025-03-18 18:29:07,234 - deepfake_detection - INFO - [app.py:64] - User admin accessing dashboard
2025-03-18 18:29:07,253 - deepfake_detection - INFO - [dashboard.py:19] - Loading dashboard for user: admin
2025-03-18 18:29:07,253 - deepfake_detection - INFO - [dashboard.py:19] - Loading dashboard for user: admin
2025-03-18 18:29:20,167 - deepfake_detection - INFO - [database.py:19] - Initializing database
2025-03-18 18:29:20,167 - deepfake_detection - INFO - [database.py:19] - Initializing database
2025-03-18 18:29:20,172 - deepfake_detection - INFO - [database.py:60] - Admin user already exists
2025-03-18 18:29:20,172 - deepfake_detection - INFO - [database.py:60] - Admin user already exists
2025-03-18 18:29:20,175 - deepfake_detection - INFO - [database.py:63] - Database initialization completed successfully
2025-03-18 18:29:20,175 - deepfake_detection - INFO - [database.py:63] - Database initialization completed successfully
2025-03-18 18:29:20,190 - deepfake_detection - INFO - [app.py:59] - Application startup
2025-03-18 18:29:20,190 - deepfake_detection - INFO - [app.py:59] - Application startup
2025-03-18 18:29:20,194 - deepfake_detection - INFO - [app.py:68] - Rendering home page
2025-03-18 18:29:20,194 - deepfake_detection - INFO - [app.py:68] - Rendering home page
2025-03-18 18:29:20,199 - deepfake_detection - INFO - [home.py:12] - Rendering home page
2025-03-18 18:29:20,199 - deepfake_detection - INFO - [home.py:12] - Rendering home page
2025-03-18 18:29:26,592 - deepfake_detection - INFO - [database.py:19] - Initializing database
2025-03-18 18:29:26,592 - deepfake_detection - INFO - [database.py:19] - Initializing database
2025-03-18 18:29:26,600 - deepfake_detection - INFO - [database.py:60] - Admin user already exists
2025-03-18 18:29:26,600 - deepfake_detection - INFO - [database.py:60] - Admin user already exists
2025-03-18 18:29:26,603 - deepfake_detection - INFO - [database.py:63] - Database initialization completed successfully
2025-03-18 18:29:26,603 - deepfake_detection - INFO - [database.py:63] - Database initialization completed successfully
2025-03-18 18:29:26,618 - deepfake_detection - INFO - [app.py:59] - Application startup
2025-03-18 18:29:26,618 - deepfake_detection - INFO - [app.py:59] - Application startup
2025-03-18 18:29:26,627 - deepfake_detection - INFO - [app.py:68] - Rendering home page
2025-03-18 18:29:26,627 - deepfake_detection - INFO - [app.py:68] - Rendering home page
2025-03-18 18:29:26,633 - deepfake_detection - INFO - [home.py:12] - Rendering home page
2025-03-18 18:29:26,633 - deepfake_detection - INFO - [home.py:12] - Rendering home page
2025-03-18 18:29:29,593 - deepfake_detection - INFO - [database.py:19] - Initializing database
2025-03-18 18:29:29,593 - deepfake_detection - INFO - [database.py:19] - Initializing database
2025-03-18 18:29:29,598 - deepfake_detection - INFO - [database.py:60] - Admin user already exists
2025-03-18 18:29:29,598 - deepfake_detection - INFO - [database.py:60] - Admin user already exists
2025-03-18 18:29:29,603 - deepfake_detection - INFO - [database.py:63] - Database initialization completed successfully
2025-03-18 18:29:29,603 - deepfake_detection - INFO - [database.py:63] - Database initialization completed successfully
2025-03-18 18:29:29,610 - deepfake_detection - INFO - [app.py:59] - Application startup
2025-03-18 18:29:29,610 - deepfake_detection - INFO - [app.py:59] - Application startup
2025-03-18 18:29:29,614 - deepfake_detection - INFO - [app.py:68] - Rendering home page
2025-03-18 18:29:29,614 - deepfake_detection - INFO - [app.py:68] - Rendering home page
2025-03-18 18:29:29,618 - deepfake_detection - INFO - [home.py:12] - Rendering home page
2025-03-18 18:29:29,618 - deepfake_detection - INFO - [home.py:12] - Rendering home page
2025-03-18 18:29:30,989 - deepfake_detection - INFO - [database.py:19] - Initializing database
2025-03-18 18:29:30,989 - deepfake_detection - INFO - [database.py:19] - Initializing database
2025-03-18 18:29:30,995 - deepfake_detection - INFO - [database.py:60] - Admin user already exists
2025-03-18 18:29:30,995 - deepfake_detection - INFO - [database.py:60] - Admin user already exists
2025-03-18 18:29:30,997 - deepfake_detection - INFO - [database.py:63] - Database initialization completed successfully
2025-03-18 18:29:30,997 - deepfake_detection - INFO - [database.py:63] - Database initialization completed successfully
2025-03-18 18:29:31,006 - deepfake_detection - INFO - [app.py:59] - Application startup
2025-03-18 18:29:31,006 - deepfake_detection - INFO - [app.py:59] - Application startup
2025-03-18 18:29:31,012 - deepfake_detection - INFO - [app.py:68] - Rendering home page
2025-03-18 18:29:31,012 - deepfake_detection - INFO - [app.py:68] - Rendering home page
2025-03-18 18:29:31,017 - deepfake_detection - INFO - [home.py:12] - Rendering home page
2025-03-18 18:29:31,017 - deepfake_detection - INFO - [home.py:12] - Rendering home page
2025-03-18 18:29:33,920 - deepfake_detection - INFO - [database.py:19] - Initializing database
2025-03-18 18:29:33,920 - deepfake_detection - INFO - [database.py:19] - Initializing database
2025-03-18 18:29:33,926 - deepfake_detection - INFO - [database.py:60] - Admin user already exists
2025-03-18 18:29:33,926 - deepfake_detection - INFO - [database.py:60] - Admin user already exists
2025-03-18 18:29:33,937 - deepfake_detection - INFO - [database.py:63] - Database initialization completed successfully
2025-03-18 18:29:33,937 - deepfake_detection - INFO - [database.py:63] - Database initialization completed successfully
2025-03-18 18:29:33,944 - deepfake_detection - INFO - [app.py:59] - Application startup
2025-03-18 18:29:33,944 - deepfake_detection - INFO - [app.py:59] - Application startup
2025-03-18 18:29:33,955 - deepfake_detection - INFO - [app.py:68] - Rendering home page
2025-03-18 18:29:33,955 - deepfake_detection - INFO - [app.py:68] - Rendering home page
2025-03-18 18:29:33,956 - deepfake_detection - INFO - [home.py:12] - Rendering home page
2025-03-18 18:29:33,956 - deepfake_detection - INFO - [home.py:12] - Rendering home page
2025-03-18 18:29:41,621 - deepfake_detection - INFO - [database.py:19] - Initializing database
2025-03-18 18:29:41,621 - deepfake_detection - INFO - [database.py:19] - Initializing database
2025-03-18 18:29:41,631 - deepfake_detection - INFO - [database.py:60] - Admin user already exists
2025-03-18 18:29:41,631 - deepfake_detection - INFO - [database.py:60] - Admin user already exists
2025-03-18 18:29:41,637 - deepfake_detection - INFO - [database.py:63] - Database initialization completed successfully
2025-03-18 18:29:41,637 - deepfake_detection - INFO - [database.py:63] - Database initialization completed successfully
2025-03-18 18:29:41,658 - deepfake_detection - INFO - [app.py:59] - Application startup
2025-03-18 18:29:41,658 - deepfake_detection - INFO - [app.py:59] - Application startup
2025-03-18 18:29:41,668 - deepfake_detection - INFO - [app.py:68] - Rendering home page
2025-03-18 18:29:41,668 - deepfake_detection - INFO - [app.py:68] - Rendering home page
2025-03-18 18:29:41,670 - deepfake_detection - INFO - [home.py:12] - Rendering home page
2025-03-18 18:29:41,670 - deepfake_detection - INFO - [home.py:12] - Rendering home page
2025-03-18 18:29:46,398 - deepfake_detection - INFO - [database.py:19] - Initializing database
2025-03-18 18:29:46,398 - deepfake_detection - INFO - [database.py:19] - Initializing database
2025-03-18 18:29:46,403 - deepfake_detection - INFO - [database.py:60] - Admin user already exists
2025-03-18 18:29:46,403 - deepfake_detection - INFO - [database.py:60] - Admin user already exists
2025-03-18 18:29:46,409 - deepfake_detection - INFO - [database.py:63] - Database initialization completed successfully
2025-03-18 18:29:46,409 - deepfake_detection - INFO - [database.py:63] - Database initialization completed successfully
2025-03-18 18:29:46,419 - deepfake_detection - INFO - [app.py:59] - Application startup
2025-03-18 18:29:46,419 - deepfake_detection - INFO - [app.py:59] - Application startup
2025-03-18 18:29:46,426 - deepfake_detection - INFO - [app.py:68] - Rendering home page
2025-03-18 18:29:46,426 - deepfake_detection - INFO - [app.py:68] - Rendering home page
2025-03-18 18:29:46,432 - deepfake_detection - INFO - [home.py:12] - Rendering home page
2025-03-18 18:29:46,432 - deepfake_detection - INFO - [home.py:12] - Rendering home page
2025-03-18 18:29:48,005 - deepfake_detection - INFO - [database.py:19] - Initializing database
2025-03-18 18:29:48,005 - deepfake_detection - INFO - [database.py:19] - Initializing database
2025-03-18 18:29:48,010 - deepfake_detection - INFO - [database.py:60] - Admin user already exists
2025-03-18 18:29:48,010 - deepfake_detection - INFO - [database.py:60] - Admin user already exists
2025-03-18 18:29:48,013 - deepfake_detection - INFO - [database.py:63] - Database initialization completed successfully
2025-03-18 18:29:48,013 - deepfake_detection - INFO - [database.py:63] - Database initialization completed successfully
2025-03-18 18:29:48,026 - deepfake_detection - INFO - [app.py:59] - Application startup
2025-03-18 18:29:48,026 - deepfake_detection - INFO - [app.py:59] - Application startup
2025-03-18 18:29:48,034 - deepfake_detection - INFO - [app.py:68] - Rendering home page
2025-03-18 18:29:48,034 - deepfake_detection - INFO - [app.py:68] - Rendering home page
2025-03-18 18:29:48,040 - deepfake_detection - INFO - [home.py:12] - Rendering home page
2025-03-18 18:29:48,040 - deepfake_detection - INFO - [home.py:12] - Rendering home page
2025-03-18 18:29:56,357 - deepfake_detection - INFO - [database.py:19] - Initializing database
2025-03-18 18:29:56,357 - deepfake_detection - INFO - [database.py:19] - Initializing database
2025-03-18 18:29:56,368 - deepfake_detection - INFO - [database.py:60] - Admin user already exists
2025-03-18 18:29:56,368 - deepfake_detection - INFO - [database.py:60] - Admin user already exists
2025-03-18 18:29:56,370 - deepfake_detection - INFO - [database.py:63] - Database initialization completed successfully
2025-03-18 18:29:56,370 - deepfake_detection - INFO - [database.py:63] - Database initialization completed successfully
2025-03-18 18:29:56,385 - deepfake_detection - INFO - [app.py:59] - Application startup
2025-03-18 18:29:56,385 - deepfake_detection - INFO - [app.py:59] - Application startup
2025-03-18 18:29:56,389 - deepfake_detection - INFO - [app.py:68] - Rendering home page
2025-03-18 18:29:56,389 - deepfake_detection - INFO - [app.py:68] - Rendering home page
2025-03-18 18:29:56,394 - deepfake_detection - INFO - [home.py:12] - Rendering home page
2025-03-18 18:29:56,394 - deepfake_detection - INFO - [home.py:12] - Rendering home page
